PLINK v1.9.0-b.7.7 64-bit (22 Oct 2024)
Options in effect:
  --bfile plink_output
  --extract pruned.prune.in
  --make-bed
  --out pruned_final

Hostname: DESKTOP-KK92U79
Working directory: E:\admix_stan
Start time: Wed May 21 12:11:29 2025

Random number seed: 1747825889
64734 MB RAM detected; reserving 32367 MB for main workspace.
6896 variants loaded from .bim file.
80 people (0 males, 0 females, 80 ambiguous) loaded from .fam.
Ambiguous sex IDs written to pruned_final.nosex .
--extract: 3408 variants remaining.
Using 1 thread (no multithreaded calculations invoked).
Before main variant filters, 80 founders and 0 nonfounders present.
Calculating allele frequencies... done.
Total genotyping rate is exactly 1.
3408 variants and 80 people pass filters and QC.
Note: No phenotypes present.
--make-bed to pruned_final.bed + pruned_final.bim + pruned_final.fam ... done.

End time: Wed May 21 12:11:29 2025
