0
1
4
6
8
9
10
11
12
13
18
19
20
21
23
24
25
27
28
29
31
33
34
36
38
39
41
42
43
44
45
50
52
53
55
57
60
64
66
72
74
75
77
80
82
83
86
87
88
89
90
91
92
94
95
96
97
99
101
102
103
106
108
109
111
115
116
119
120
121
124
127
128
130
131
132
133
135
136
137
138
141
144
145
146
150
151
152
154
155
156
157
160
163
167
169
171
174
175
176
177
178
179
180
184
186
187
188
189
193
194
197
198
201
202
204
205
207
208
210
213
214
215
217
220
221
222
224
226
228
230
231
232
234
235
236
240
243
246
248
250
251
252
256
257
262
263
268
270
275
277
279
280
283
284
287
289
291
295
296
297
299
300
301
303
304
305
306
307
312
314
316
317
319
320
322
323
325
326
327
328
330
333
334
337
341
342
343
346
347
350
352
354
355
356
357
358
360
361
362
363
366
367
371
372
373
375
377
380
381
383
385
386
387
388
390
392
393
397
398
400
402
403
404
407
409
410
412
414
415
417
418
420
423
424
425
427
428
437
440
441
442
445
447
449
451
452
453
455
456
457
459
462
463
464
465
466
467
468
469
471
477
478
480
481
482
485
486
488
489
490
494
495
498
500
504
505
510
513
515
520
522
525
526
529
532
533
536
539
540
541
542
543
544
545
548
550
552
553
555
556
557
559
560
564
569
571
573
574
577
580
582
584
587
588
589
591
594
599
600
603
605
608
611
612
613
614
617
618
619
620
623
627
628
629
631
634
635
638
641
645
646
648
649
650
652
656
657
661
663
665
670
672
673
678
679
681
682
683
684
686
689
690
692
693
697
698
699
701
702
705
707
713
714
715
717
718
722
723
724
725
726
728
729
731
733
734
735
739
741
743
744
748
749
751
752
753
754
756
757
758
759
760
763
764
765
766
767
768
770
771
774
777
779
780
781
784
785
789
792
793
794
795
801
803
805
808
811
815
816
822
823
827
828
832
833
834
837
838
841
842
843
847
854
856
857
858
859
860
864
866
869
871
873
876
878
879
880
882
883
888
892
893
895
896
897
900
901
902
905
906
909
910
911
912
913
915
916
918
919
921
925
926
927
928
935
937
939
941
942
943
945
947
949
950
952
953
954
955
956
959
960
961
962
965
966
967
970
975
979
982
986
987
988
989
991
997
1005
1008
1014
1015
1019
1024
1025
1026
1027
1029
1030
1032
1033
1035
1036
1041
1049
1051
1052
1053
1054
1055
1058
1060
1061
1063
1064
1067
1068
1069
1070
1074
1075
1076
1077
1078
1079
1081
1082
1083
1084
1087
1089
1090
1092
1093
1094
1095
1098
1100
1101
1103
1104
1110
1113
1115
1117
1118
1119
1120
1123
1125
1126
1127
1131
1134
1135
1136
1139
1141
1142
1147
1151
1153
1154
1155
1156
1162
1164
1165
1166
1167
1171
1176
1178
1183
1184
1185
1186
1188
1189
1190
1191
1193
1194
1196
1198
1201
1203
1205
1207
1208
1209
1210
1211
1212
1213
1214
1215
1216
1219
1220
1222
1224
1225
1228
1229
1230
1234
1235
1236
1237
1239
1240
1243
1244
1246
1248
1249
1254
1255
1257
1260
1261
1262
1264
1266
1267
1268
1272
1274
1275
1276
1283
1287
1290
1298
1300
1301
1305
1307
1308
1310
1312
1314
1315
1321
1323
1324
1326
1327
1328
1331
1333
1334
1336
1338
1339
1340
1341
1343
1344
1346
1347
1348
1351
1354
1355
1358
1359
1360
1361
1363
1365
1366
1367
1371
1373
1375
1378
1380
1381
1383
1385
1387
1389
1390
1393
1395
1396
1400
1401
1402
1403
1405
1406
1407
1408
1412
1415
1417
1419
1420
1422
1424
1426
1430
1431
1434
1435
1436
1438
1439
1441
1442
1443
1444
1446
1448
1450
1452
1453
1454
1456
1458
1461
1464
1465
1467
1468
1469
1471
1473
1474
1476
1478
1479
1481
1483
1484
1485
1486
1489
1491
1494
1497
1498
1499
1500
1501
1502
1508
1509
1512
1513
1514
1515
1516
1517
1518
1519
1521
1522
1523
1524
1526
1530
1531
1532
1536
1540
1543
1544
1545
1547
1549
1550
1551
1552
1554
1556
1559
1560
1561
1563
1565
1566
1567
1568
1572
1576
1578
1579
1580
1583
1584
1585
1586
1590
1591
1593
1595
1596
1597
1598
1599
1601
1602
1603
1604
1606
1607
1614
1621
1624
1626
1630
1631
1633
1634
1635
1637
1638
1639
1641
1642
1645
1646
1647
1649
1651
1652
1656
1658
1662
1663
1668
1670
1671
1673
1676
1677
1679
1683
1685
1686
1688
1694
1695
1696
1698
1699
1701
1703
1704
1712
1717
1718
1720
1723
1724
1726
1728
1733
1734
1738
1740
1742
1744
1748
1751
1753
1754
1756
1759
1761
1765
1769
1771
1773
1774
1776
1777
1780
1782
1789
1791
1793
1794
1797
1800
1803
1807
1810
1812
1813
1814
1815
1816
1817
1819
1820
1822
1827
1828
1830
1831
1835
1839
1841
1842
1849
1850
1851
1854
1859
1861
1867
1869
1870
1872
1873
1874
1876
1881
1882
1883
1884
1885
1886
1887
1893
1895
1896
1897
1902
1905
1907
1908
1910
1911
1912
1917
1918
1919
1920
1924
1929
1930
1931
1934
1935
1936
1938
1939
1940
1942
1943
1945
1947
1948
1949
1950
1951
1952
1953
1955
1958
1959
1962
1964
1966
1968
1970
1971
1976
1981
1983
1984
1987
1989
1990
1991
1994
1995
1996
1997
1998
2000
2001
2002
2003
2004
2006
2007
2008
2009
2010
2014
2015
2017
2018
2020
2021
2022
2031
2035
2036
2039
2040
2041
2042
2044
2048
2050
2051
2052
2054
2056
2057
2060
2063
2064
2067
2069
2070
2071
2072
2073
2074
2075
2077
2078
2080
2081
2082
2083
2084
2085
2086
2087
2088
2089
2090
2091
2094
2095
2096
2098
2099
2100
2101
2103
2105
2108
2109
2110
2112
2113
2114
2115
2116
2117
2119
2120
2123
2124
2126
2127
2129
2132
2133
2140
2142
2143
2147
2148
2150
2152
2153
2160
2161
2163
2167
2168
2169
2170
2171
2172
2175
2177
2180
2181
2183
2184
2185
2186
2189
2191
2192
2194
2198
2199
2205
2206
2207
2208
2209
2210
2211
2213
2214
2216
2219
2223
2226
2227
2229
2231
2235
2236
2237
2238
2239
2240
2241
2243
2246
2247
2249
2250
2253
2254
2255
2257
2258
2259
2262
2264
2267
2271
2273
2275
2278
2280
2283
2285
2295
2301
2304
2305
2306
2308
2310
2314
2315
2317
2318
2319
2322
2324
2326
2330
2333
2335
2339
2340
2341
2344
2346
2348
2349
2350
2352
2357
2358
2360
2361
2365
2366
2367
2370
2372
2373
2374
2375
2376
2379
2380
2382
2383
2384
2388
2389
2390
2391
2392
2393
2394
2396
2399
2401
2402
2403
2405
2407
2409
2413
2414
2416
2417
2419
2420
2421
2423
2424
2427
2428
2429
2431
2434
2437
2440
2441
2443
2446
2447
2449
2451
2452
2454
2455
2456
2457
2458
2462
2463
2465
2467
2468
2473
2474
2481
2484
2487
2489
2491
2495
2497
2498
2500
2501
2502
2506
2508
2509
2513
2516
2520
2521
2522
2523
2525
2526
2527
2528
2529
2531
2532
2534
2535
2536
2538
2540
2543
2544
2545
2550
2551
2552
2554
2555
2556
2557
2559
2561
2564
2565
2567
2568
2569
2571
2572
2579
2582
2583
2585
2588
2589
2590
2596
2600
2602
2604
2607
2608
2609
2611
2612
2615
2616
2617
2618
2619
2620
2621
2623
2624
2626
2627
2628
2631
2634
2635
2636
2637
2638
2640
2641
2642
2644
2647
2648
2652
2654
2655
2656
2657
2659
2662
2666
2670
2671
2673
2675
2676
2678
2684
2689
2690
2693
2696
2697
2698
2699
2702
2704
2705
2708
2711
2713
2714
2715
2717
2718
2719
2720
2723
2726
2727
2729
2730
2733
2735
2737
2739
2740
2741
2744
2745
2746
2747
2750
2754
2755
2756
2757
2759
2760
2766
2771
2772
2774
2775
2776
2777
2779
2781
2782
2788
2789
2790
2792
2797
2798
2799
2802
2804
2805
2812
2814
2815
2820
2822
2824
2825
2826
2828
2833
2835
2837
2838
2840
2841
2845
2846
2848
2855
2856
2858
2862
2863
2864
2865
2866
2868
2870
2871
2872
2876
2877
2879
2880
2882
2883
2887
2888
2891
2892
2893
2894
2895
2896
2897
2898
2899
2901
2903
2904
2905
2907
2912
2914
2915
2916
2917
2924
2925
2926
2928
2929
2933
2936
2938
2944
2945
2946
2947
2948
2950
2951
2952
2955
2959
2960
2963
2964
2965
2966
2967
2969
2971
2972
2973
2978
2981
2982
2984
2985
2987
2989
2993
2996
2997
2998
2999
3004
3006
3007
3008
3010
3011
3012
3013
3015
3016
3017
3018
3019
3020
3021
3023
3024
3025
3026
3027
3028
3029
3031
3032
3033
3034
3035
3036
3037
3038
3040
3045
3048
3049
3052
3053
3055
3056
3057
3059
3061
3062
3065
3067
3068
3069
3078
3079
3080
3082
3083
3085
3087
3089
3092
3096
3097
3098
3100
3103
3104
3106
3107
3110
3113
3114
3119
3120
3122
3123
3124
3126
3127
3129
3131
3132
3133
3134
3136
3137
3138
3139
3140
3141
3142
3143
3148
3149
3151
3154
3162
3164
3165
3166
3170
3172
3173
3177
3179
3180
3182
3184
3187
3188
3190
3192
3193
3195
3199
3200
3202
3204
3205
3210
3211
3212
3217
3218
3221
3228
3229
3230
3233
3236
3237
3238
3240
3241
3243
3244
3245
3248
3249
3252
3254
3256
3257
3258
3262
3264
3265
3269
3273
3275
3282
3297
3298
3300
3301
3302
3304
3305
3306
3309
3310
3312
3313
3315
3316
3317
3318
3319
3320
3321
3322
3327
3328
3334
3335
3337
3339
3340
3343
3345
3346
3347
3348
3349
3350
3351
3355
3356
3358
3359
3360
3361
3362
3363
3366
3367
3368
3369
3373
3376
3378
3391
3393
3395
3397
3400
3401
3403
3405
3407
3408
3409
3410
3411
3414
3417
3418
3419
3420
3423
3424
3427
3428
3429
3430
3432
3436
3437
3438
3439
3441
3444
3447
3449
3452
3456
3462
3463
3465
3467
3469
3471
3473
3474
3476
3480
3482
3484
3486
3490
3492
3494
3495
3496
3498
3501
3502
3506
3508
3510
3511
3512
3513
3518
3519
3520
3521
3522
3523
3524
3525
3526
3530
3531
3532
3534
3535
3536
3539
3542
3547
3548
3552
3554
3555
3558
3559
3560
3561
3563
3564
3568
3569
3575
3578
3580
3583
3585
3589
3592
3595
3596
3597
3599
3601
3602
3603
3605
3607
3609
3610
3612
3616
3617
3618
3620
3622
3624
3628
3634
3635
3636
3639
3640
3641
3642
3643
3644
3645
3647
3650
3651
3654
3655
3657
3658
3663
3664
3665
3666
3667
3673
3674
3676
3677
3678
3679
3682
3684
3685
3686
3688
3689
3690
3693
3695
3696
3699
3700
3703
3705
3706
3707
3713
3714
3715
3718
3720
3727
3729
3734
3736
3737
3738
3740
3744
3745
3746
3747
3749
3750
3753
3758
3760
3762
3763
3764
3765
3766
3768
3771
3773
3776
3777
3779
3780
3781
3782
3783
3784
3785
3786
3787
3789
3790
3792
3797
3798
3799
3800
3801
3802
3809
3810
3812
3813
3816
3817
3819
3820
3821
3823
3825
3826
3828
3833
3834
3836
3837
3838
3839
3843
3847
3848
3851
3853
3855
3856
3859
3860
3863
3864
3865
3867
3868
3870
3872
3875
3880
3882
3884
3886
3887
3888
3889
3890
3891
3893
3896
3897
3898
3904
3907
3909
3911
3912
3915
3916
3920
3921
3922
3923
3929
3931
3936
3937
3941
3943
3945
3946
3948
3949
3951
3952
3953
3960
3964
3965
3966
3968
3970
3971
3972
3977
3981
3982
3983
3985
3987
3989
3990
3992
3994
3997
3998
3999
4000
4004
4005
4006
4011
4012
4013
4014
4015
4016
4019
4020
4022
4025
4026
4027
4028
4031
4032
4038
4041
4048
4049
4050
4051
4054
4059
4060
4061
4063
4064
4065
4066
4068
4070
4076
4077
4080
4082
4083
4084
4085
4086
4088
4089
4090
4093
4095
4096
4097
4098
4099
4100
4102
4103
4105
4107
4112
4113
4115
4116
4117
4119
4120
4122
4124
4125
4128
4130
4131
4132
4133
4134
4135
4136
4137
4138
4139
4140
4142
4143
4145
4146
4150
4151
4156
4157
4160
4164
4165
4166
4168
4169
4171
4173
4174
4175
4177
4178
4180
4182
4184
4185
4188
4191
4194
4195
4196
4197
4201
4205
4206
4207
4209
4211
4213
4214
4215
4216
4217
4218
4219
4220
4223
4225
4226
4228
4229
4230
4231
4233
4234
4236
4240
4242
4243
4244
4248
4252
4255
4256
4257
4258
4261
4262
4263
4264
4265
4266
4267
4269
4271
4272
4273
4275
4277
4279
4282
4285
4287
4288
4289
4296
4300
4302
4304
4306
4307
4308
4309
4310
4311
4314
4315
4316
4318
4324
4325
4327
4330
4331
4332
4333
4335
4340
4341
4349
4350
4351
4352
4355
4356
4358
4360
4365
4366
4370
4372
4374
4375
4380
4382
4385
4386
4391
4392
4395
4396
4397
4398
4407
4409
4411
4412
4413
4416
4417
4421
4422
4423
4424
4425
4426
4427
4430
4431
4432
4433
4434
4435
4437
4440
4441
4444
4447
4448
4450
4455
4464
4465
4466
4468
4469
4470
4472
4473
4474
4475
4477
4480
4481
4484
4488
4489
4490
4491
4494
4495
4498
4501
4503
4505
4506
4507
4508
4509
4510
4511
4515
4516
4517
4519
4520
4522
4524
4525
4527
4528
4530
4533
4534
4536
4537
4541
4542
4543
4544
4546
4547
4548
4549
4551
4553
4554
4556
4557
4558
4560
4563
4565
4566
4569
4570
4572
4573
4574
4576
4578
4580
4581
4582
4586
4587
4588
4589
4591
4594
4596
4600
4602
4607
4610
4611
4612
4614
4617
4620
4621
4622
4623
4624
4625
4627
4629
4630
4633
4635
4637
4638
4639
4641
4643
4646
4652
4653
4654
4657
4658
4659
4662
4663
4665
4668
4669
4670
4674
4675
4676
4677
4678
4682
4683
4685
4687
4692
4694
4697
4700
4715
4718
4720
4721
4722
4724
4725
4726
4727
4728
4732
4735
4738
4740
4745
4746
4749
4752
4755
4756
4758
4759
4762
4766
4768
4769
4770
4774
4777
4778
4779
4782
4787
4789
4794
4796
4797
4800
4801
4806
4807
4809
4810
4812
4814
4816
4817
4818
4821
4823
4824
4826
4827
4828
4830
4832
4833
4834
4835
4837
4841
4844
4845
4849
4851
4854
4855
4856
4858
4859
4860
4863
4864
4866
4868
4869
4873
4874
4876
4877
4878
4879
4882
4883
4885
4892
4893
4894
4896
4897
4899
4902
4904
4905
4907
4909
4914
4915
4917
4921
4922
4924
4925
4926
4927
4929
4930
4931
4933
4935
4936
4937
4940
4942
4943
4946
4947
4948
4949
4951
4952
4954
4955
4958
4960
4961
4962
4964
4966
4972
4975
4978
4980
4982
4984
4985
4987
4988
4990
4993
4995
4998
5002
5004
5005
5006
5008
5010
5014
5015
5017
5019
5022
5024
5028
5029
5030
5032
5035
5036
5037
5038
5041
5042
5044
5046
5047
5050
5051
5057
5059
5063
5066
5067
5068
5069
5071
5073
5077
5078
5080
5084
5090
5092
5096
5100
5102
5103
5105
5108
5110
5114
5117
5118
5119
5120
5121
5123
5124
5130
5131
5132
5139
5140
5142
5143
5147
5148
5153
5156
5158
5161
5162
5164
5168
5169
5170
5171
5172
5174
5175
5177
5178
5179
5182
5184
5186
5188
5189
5191
5192
5193
5194
5196
5200
5203
5205
5207
5210
5212
5215
5216
5218
5221
5223
5224
5226
5229
5231
5232
5233
5235
5236
5243
5245
5247
5249
5252
5254
5259
5260
5261
5262
5264
5269
5270
5278
5279
5280
5281
5282
5283
5284
5289
5290
5291
5292
5294
5295
5296
5300
5303
5307
5308
5309
5312
5314
5315
5316
5319
5320
5321
5323
5324
5327
5328
5330
5332
5337
5338
5339
5341
5344
5346
5349
5350
5357
5359
5360
5361
5363
5364
5366
5370
5372
5376
5380
5382
5383
5384
5385
5389
5391
5393
5394
5396
5400
5401
5402
5406
5407
5408
5410
5414
5417
5419
5423
5424
5426
5427
5428
5429
5430
5431
5432
5435
5436
5438
5440
5441
5444
5445
5446
5447
5448
5451
5452
5453
5455
5456
5457
5458
5459
5460
5461
5463
5469
5472
5473
5475
5476
5478
5481
5482
5486
5488
5490
5492
5493
5495
5496
5499
5500
5502
5503
5506
5507
5510
5511
5512
5513
5515
5516
5518
5519
5520
5522
5523
5524
5527
5529
5530
5535
5536
5537
5539
5540
5544
5545
5546
5547
5549
5550
5551
5552
5554
5555
5556
5558
5559
5560
5561
5563
5564
5565
5566
5567
5569
5573
5575
5576
5578
5579
5581
5582
5585
5587
5588
5589
5590
5591
5592
5594
5595
5596
5597
5599
5601
5602
5604
5605
5609
5612
5615
5617
5618
5621
5622
5624
5625
5627
5630
5632
5633
5634
5635
5636
5637
5639
5642
5643
5645
5646
5647
5651
5652
5656
5657
5659
5661
5663
5667
5669
5670
5675
5676
5677
5681
5683
5685
5686
5689
5690
5693
5695
5696
5698
5699
5700
5701
5705
5706
5707
5709
5715
5716
5717
5719
5720
5723
5726
5727
5728
5729
5731
5732
5733
5734
5735
5738
5742
5744
5745
5750
5752
5754
5760
5761
5763
5767
5769
5772
5774
5775
5776
5779
5780
5785
5786
5787
5790
5793
5795
5796
5800
5803
5806
5808
5811
5813
5814
5815
5816
5818
5819
5821
5822
5823
5824
5825
5829
5830
5835
5839
5841
5842
5844
5845
5847
5852
5853
5854
5856
5857
5858
5859
5861
5862
5863
5865
5866
5867
5869
5874
5875
5876
5877
5885
5887
5890
5892
5893
5899
5902
5907
5909
5910
5913
5915
5917
5918
5919
5921
5922
5924
5925
5926
5929
5931
5932
5934
5935
5942
5944
5945
5946
5947
5948
5949
5950
5952
5953
5954
5956
5957
5959
5960
5962
5963
5966
5967
5969
5970
5976
5979
5981
5984
5986
5988
5989
5992
5994
5996
5998
5999
6000
6002
6003
6006
6008
6009
6013
6014
6018
6020
6023
6024
6025
6026
6027
6029
6030
6031
6034
6035
6036
6037
6040
6042
6045
6048
6049
6053
6055
6058
6060
6062
6064
6065
6067
6074
6075
6076
6079
6080
6081
6083
6086
6087
6089
6090
6094
6095
6098
6099
6103
6105
6106
6107
6109
6111
6112
6116
6117
6118
6121
6122
6125
6128
6130
6131
6132
6134
6136
6137
6140
6142
6144
6146
6150
6156
6158
6159
6163
6166
6170
6172
6174
6175
6177
6178
6179
6180
6184
6185
6188
6190
6193
6194
6199
6201
6203
6205
6208
6209
6213
6214
6216
6217
6218
6219
6220
6222
6223
6224
6229
6231
6232
6233
6236
6237
6239
6242
6243
6244
6247
6249
6251
6252
6258
6259
6261
6262
6266
6269
6271
6272
6273
6275
6276
6279
6282
6285
6286
6287
6288
6290
6291
6293
6294
6297
6298
6301
6303
6304
6307
6309
6310
6311
6312
6318
6319
6320
6322
6323
6325
6327
6329
6330
6333
6334
6336
6344
6345
6346
6347
6350
6353
6354
6355
6356
6357
6359
6362
6365
6367
6368
6372
6375
6381
6385
6386
6390
6391
6392
6396
6397
6398
6399
6402
6404
6406
6409
6411
6415
6419
6420
6421
6422
6425
6426
6431
6436
6438
6440
6441
6442
6444
6448
6450
6452
6455
6456
6458
6460
6461
6462
6463
6464
6466
6468
6472
6475
6477
6481
6484
6485
6487
6490
6492
6494
6495
6496
6497
6499
6500
6501
6502
6504
6506
6508
6510
6511
6516
6517
6519
6520
6521
6523
6527
6528
6529
6532
6534
6536
6537
6538
6542
6543
6547
6550
6551
6553
6555
6556
6557
6559
6560
6561
6572
6576
6577
6581
6583
6584
6586
6587
6590
6592
6593
6595
6597
6598
6600
6601
6603
6605
6606
6608
6610
6611
6612
6613
6614
6617
6624
6626
6627
6630
6633
6635
6637
6638
6639
6643
6644
6646
6648
6649
6650
6651
6653
6654
6655
6657
6658
6659
6660
6661
6662
6663
6664
6665
6666
6667
6671
6672
6674
6675
6676
6683
6684
6685
6687
6689
6691
6692
6693
6694
6695
6696
6697
6700
6704
6707
6709
6710
6713
6716
6721
6722
6723
6726
6727
6728
6734
6737
6739
6742
6744
6745
6749
6750
6752
6753
6755
6756
6758
6760
6761
6764
6765
6766
6768
6769
6771
6774
6775
6776
6777
6778
6780
6782
6783
6784
6786
6788
6789
6790
6791
6792
6793
6799
6800
6802
6804
6805
6807
6808
6809
6810
6811
6814
6816
6820
6826
6827
6831
6836
6837
6843
6845
6846
6851
6852
6855
6856
6858
6860
6863
6865
6866
6867
6870
6872
6873
6875
6876
6878
6879
6882
6886
6889
6890
6892
6893
6894
