PLINK v1.9.0-b.7.7 64-bit (22 Oct 2024)
Options in effect:
  --bfile plink_output
  --extract pruned.prune.in
  --make-bed
  --out pruned_final

Hostname: DESKTOP-KK92U79
Working directory: e:\admix_stan\inference
Start time: Tue May 20 23:24:42 2025

Random number seed: 1747779882
64734 MB RAM detected; reserving 32367 MB for main workspace.
20747 variants loaded from .bim file.
80 people (0 males, 0 females, 80 ambiguous) loaded from .fam.
Ambiguous sex IDs written to pruned_final.nosex .
--extract: 8971 variants remaining.
Using 1 thread (no multithreaded calculations invoked).
Before main variant filters, 80 founders and 0 nonfounders present.
Calculating allele frequencies... done.
Total genotyping rate is exactly 1.
8971 variants and 80 people pass filters and QC.
Note: No phenotypes present.
--make-bed to pruned_final.bed + pruned_final.bim + pruned_final.fam ... done.

End time: Tue May 20 23:24:42 2025
