0
1
3
7
8
9
10
11
13
18
19
23
25
29
31
32
33
35
36
38
39
40
41
42
43
44
45
50
53
54
55
57
58
61
62
63
65
66
67
70
72
73
75
77
79
81
85
87
88
90
91
92
97
98
104
105
106
108
110
111
112
113
117
119
123
124
126
127
128
130
131
133
135
137
140
142
143
144
145
146
148
150
153
155
156
157
159
162
164
166
171
172
173
175
177
178
179
180
181
182
184
187
190
193
195
196
200
201
202
203
205
207
208
209
210
212
219
220
223
224
225
226
227
229
230
231
234
236
242
243
245
246
247
249
250
251
253
256
257
258
259
262
264
265
266
269
270
271
273
275
276
277
281
283
284
289
290
291
293
294
296
298
300
301
303
305
310
311
312
313
319
321
322
326
327
329
331
334
335
337
341
342
344
345
347
348
349
350
352
355
358
359
363
365
366
367
368
370
372
373
374
376
377
378
386
391
392
393
396
397
398
399
402
405
407
408
412
413
414
416
418
419
420
421
423
424
425
426
429
430
431
432
434
439
442
443
446
447
448
450
451
452
453
456
457
458
459
460
461
462
465
468
470
471
473
474
476
477
480
481
482
484
487
488
489
490
491
493
494
495
496
497
498
499
500
501
502
503
505
506
508
509
510
511
517
519
521
522
524
525
527
528
530
531
532
535
536
538
540
542
544
545
546
548
551
552
554
555
558
560
562
563
564
565
566
567
568
571
572
573
575
576
578
581
582
583
585
586
588
589
590
591
596
597
598
599
601
602
603
604
605
607
608
610
612
613
614
615
618
620
621
626
627
629
630
631
633
636
639
640
642
643
644
645
646
647
648
651
654
659
660
662
664
666
668
670
672
676
678
682
683
684
685
686
687
688
689
691
692
693
694
695
698
699
701
702
703
706
707
708
709
710
717
719
720
722
724
728
729
730
731
733
734
735
736
737
738
740
741
744
745
749
750
751
752
754
758
760
761
762
763
764
767
768
769
772
774
776
779
780
781
782
783
784
785
787
788
790
791
792
793
795
796
800
804
805
806
807
809
810
811
812
814
816
819
820
821
823
824
825
827
828
830
833
835
836
839
840
842
843
845
847
848
850
851
855
856
857
859
860
864
866
868
869
870
872
873
874
875
876
878
883
884
887
889
891
892
893
896
897
899
900
902
906
907
908
909
910
912
914
915
916
917
919
923
924
925
927
928
929
932
933
934
935
939
941
942
943
944
945
947
949
951
952
955
956
957
958
959
961
962
964
965
966
968
969
970
971
972
974
978
979
982
984
985
988
989
990
991
992
994
996
1000
1001
1003
1004
1010
1011
1012
1013
1014
1017
1018
1020
1021
1023
1024
1027
1030
1031
1032
1036
1037
1040
1044
1046
1047
1050
1055
1058
1061
1062
1066
1067
1068
1069
1070
1077
1079
1080
1083
1085
1086
1087
1089
1092
1094
1097
1101
1106
1108
1110
1111
1112
1116
1117
1118
1120
1121
1122
1124
1125
1126
1129
1131
1133
1135
1136
1137
1138
1140
1143
1145
1147
1149
1151
1153
1155
1158
1160
1163
1164
1166
1173
1174
1175
1177
1178
1182
1184
1185
1191
1192
1196
1198
1199
1200
1201
1204
1205
1206
1207
1208
1212
1215
1216
1219
1220
1225
1227
1228
1229
1230
1232
1233
1234
1236
1237
1238
1241
1242
1244
1245
1246
1247
1251
1252
1253
1255
1261
1262
1263
1264
1265
1267
1268
1270
1272
1274
1275
1277
1278
1279
1280
1281
1286
1291
1293
1295
1297
1299
1300
1304
1306
1307
1309
1311
1312
1314
1315
1317
1318
1319
1324
1325
1327
1328
1330
1334
1336
1337
1340
1341
1343
1344
1345
1347
1348
1349
1350
1351
1352
1355
1357
1358
1360
1362
1364
1366
1370
1371
1372
1373
1374
1375
1377
1378
1382
1384
1385
1386
1387
1391
1392
1395
1397
1398
1399
1402
1403
1405
1407
1409
1410
1411
1413
1414
1416
1419
1421
1422
1424
1425
1427
1431
1432
1435
1437
1438
1439
1440
1443
1445
1446
1448
1449
1450
1451
1454
1455
1457
1458
1459
1460
1461
1462
1463
1465
1466
1468
1469
1471
1472
1473
1474
1477
1478
1479
1483
1487
1489
1490
1493
1496
1498
1499
1500
1501
1503
1504
1505
1507
1509
1510
1511
1512
1514
1515
1519
1522
1523
1524
1525
1526
1529
1531
1532
1534
1536
1538
1539
1543
1544
1546
1547
1551
1552
1558
1559
1560
1561
1562
1569
1570
1571
1572
1573
1574
1576
1578
1579
1580
1581
1584
1585
1586
1590
1591
1592
1595
1596
1597
1598
1604
1606
1607
1610
1611
1614
1615
1617
1620
1622
1623
1624
1625
1626
1627
1630
1632
1634
1635
1636
1637
1639
1640
1641
1644
1646
1648
1650
1652
1653
1657
1659
1660
1661
1662
1665
1666
1667
1668
1670
1672
1674
1676
1677
1678
1680
1682
1687
1688
1697
1698
1699
1701
1703
1704
1705
1706
1707
1708
1709
1710
1711
1713
1714
1716
1718
1728
1731
1736
1737
1738
1742
1744
1747
1748
1750
1751
1754
1756
1757
1764
1770
1771
1772
1777
1779
1780
1781
1784
1785
1786
1787
1788
1790
1791
1793
1795
1796
1797
1798
1799
1801
1802
1803
1804
1805
1806
1808
1810
1811
1812
1816
1819
1828
1829
1831
1833
1834
1835
1837
1838
1839
1840
1842
1843
1844
1845
1846
1847
1849
1851
1852
1854
1855
1857
1858
1859
1860
1862
1863
1865
1867
1870
1872
1873
1875
1876
1879
1880
1883
1885
1886
1887
1888
1889
1892
1893
1894
1898
1899
1901
1904
1905
1906
1907
1909
1910
1911
1912
1913
1914
1915
1917
1918
1920
1922
1923
1924
1926
1928
1930
1931
1932
1933
1936
1938
1939
1940
1941
1942
1943
1944
1945
1946
1947
1951
1953
1954
1955
1956
1957
1958
1959
1960
1962
1963
1964
1965
1966
1969
1970
1972
1976
1977
1980
1981
1982
1983
1984
1985
1988
1990
1992
1993
1994
1996
1997
1998
1999
2000
2001
2004
2005
2006
2009
2010
2011
2013
2014
2015
2017
2019
2021
2026
2027
2028
2029
2030
2031
2032
2034
2035
2036
2037
2038
2039
2042
2043
2045
2047
2048
2049
2051
2053
2054
2055
2056
2057
2058
2061
2064
2066
2067
2068
2071
2072
2073
2076
2078
2079
2080
2081
2083
2087
2089
2090
2093
2095
2097
2099
2100
2104
2106
2107
2110
2111
2113
2114
2115
2116
2119
2120
2121
2125
2131
2132
2134
2135
2136
2138
2139
2142
2143
2145
2146
2147
2148
2150
2151
2154
2155
2156
2157
2158
2161
2162
2163
2164
2165
2166
2170
2171
2173
2175
2176
2177
2179
2180
2182
2186
2188
2190
2191
2192
2195
2197
2201
2204
2205
2206
2210
2211
2212
2219
2221
2222
2223
2224
2226
2227
2229
2230
2231
2234
2237
2238
2239
2240
2241
2243
2246
2247
2248
2250
2251
2255
2258
2260
2263
2265
2268
2269
2273
2274
2275
2278
2280
2281
2282
2283
2285
2286
2287
2288
2289
2290
2291
2292
2293
2294
2295
2296
2298
2299
2300
2302
2305
2306
2307
2308
2311
2312
2314
2316
2317
2318
2319
2320
2321
2322
2323
2325
2326
2329
2330
2332
2333
2336
2337
2338
2339
2341
2342
2345
2347
2348
2350
2352
2353
2354
2356
2357
2359
2360
2362
2363
2364
2365
2368
2369
2372
2374
2375
2378
2379
2381
2382
2383
2385
2386
2391
2393
2394
2396
2398
2400
2401
2404
2405
2409
2412
2413
2415
2416
2420
2424
2426
2428
2432
2433
2435
2438
2441
2442
2443
2444
2445
2447
2452
2453
2454
2455
2456
2459
2460
2461
2463
2467
2472
2476
2479
2480
2486
2488
2489
2491
2492
2494
2495
2496
2497
2498
2501
2502
2503
2505
2507
2508
2509
2512
2513
2514
2515
2518
2519
2520
2521
2522
2523
2524
2528
2529
2530
2532
2533
2536
2537
2539
2540
2541
2545
2546
2547
2550
2551
2552
2553
2554
2557
2558
2559
2561
2563
2565
2566
2567
2568
2569
2570
2573
2575
2577
2578
2579
2582
2583
2587
2588
2593
2594
2595
2599
2600
2601
2604
2606
2608
2609
2610
2612
2613
2615
2616
2617
2619
2620
2621
2622
2624
2625
2627
2628
2629
2630
2631
2632
2634
2635
2639
2642
2643
2644
2646
2647
2649
2650
2655
2656
2657
2658
2659
2662
2663
2664
2665
2666
2667
2668
2669
2671
2673
2674
2676
2680
2681
2682
2686
2688
2689
2690
2692
2695
2697
2698
2699
2702
2706
2708
2710
2711
2713
2714
2716
2717
2718
2719
2724
2725
2728
2731
2732
2735
2737
2738
2739
2742
2744
2746
2747
2751
2752
2754
2756
2757
2759
2762
2763
2764
2766
2769
2771
2772
2773
2775
2776
2777
2779
2780
2781
2782
2783
2784
2785
2787
2788
2791
2795
2800
2801
2804
2807
2808
2809
2811
2813
2814
2815
2817
2819
2820
2824
2826
2828
2829
2830
2832
2836
2837
2839
2843
2844
2845
2847
2848
2849
2850
2851
2852
2854
2855
2858
2859
2860
2862
2863
2864
2868
2869
2870
2872
2873
2875
2877
2878
2879
2880
2882
2886
2888
2889
2890
2891
2895
2896
2899
2901
2902
2903
2904
2905
2908
2911
2912
2913
2914
2915
2917
2918
2919
2923
2927
2928
2930
2932
2933
2935
2936
2937
2938
2939
2943
2944
2945
2947
2948
2949
2951
2952
2953
2954
2955
2957
2959
2963
2965
2967
2968
2969
2970
2972
2973
2975
2976
2977
2978
2981
2982
2983
2984
2985
2986
2988
2990
2992
2993
2994
2997
2998
2999
3000
3001
3002
3003
3007
3009
3010
3014
3016
3018
3019
3020
3021
3023
3024
3025
3027
3029
3031
3035
3037
3039
3040
3043
3048
3050
3052
3053
3057
3059
3060
3061
3062
3063
3064
3067
3068
3071
3072
3073
3074
3075
3076
3077
3078
3080
3082
3083
3084
3086
3087
3088
3091
3093
3094
3095
3096
3097
3100
3102
3104
3105
3106
3108
3109
3111
3112
3114
3115
3117
3120
3121
3124
3127
3128
3131
3134
3135
3138
3139
3140
3141
3142
3143
3145
3149
3150
3151
3152
3153
3155
3157
3158
3159
3160
3162
3163
3165
3167
3168
3169
3170
3172
3173
3174
3175
3176
3177
3178
3184
3187
3188
3189
3190
3191
3195
3196
3198
3200
3201
3202
3204
3208
3209
3210
3211
3212
3214
3215
3216
3217
3220
3221
3222
3226
3227
3228
3230
3232
3235
3239
3245
3246
3248
3249
3252
3255
3256
3257
3258
3261
3262
3266
3267
3270
3271
3272
3275
3276
3277
3278
3279
3281
3283
3284
3285
3287
3291
3295
3296
3297
3298
3300
3303
3306
3307
3309
3311
3313
3316
3318
3321
3323
3324
3326
3327
3329
3331
3332
3333
3335
3336
3337
3338
3341
3342
3344
3345
3346
3349
3350
3351
3353
3354
3355
3357
3358
3359
3360
3363
3364
3365
3366
3367
3368
3369
3371
3373
3374
3379
3380
3381
3384
3385
3386
3389
3390
3396
3400
3402
3406
3410
3413
3417
3419
3421
3422
3423
3429
3430
3432
3433
3434
3436
3441
3443
3446
3450
3452
3453
3455
3456
3459
3460
3464
3465
3466
3470
3471
3472
3473
3476
3478
3481
3484
3485
3487
3489
3491
3492
3493
3494
3499
3501
3502
3503
3504
3505
3506
3508
3509
3510
3512
3515
3516
3517
3518
3519
3524
3525
3528
3529
3530
3531
3533
3534
3535
3536
3538
3543
3544
3545
3547
3548
3550
3551
3552
3555
3557
3559
3562
3563
3565
3567
3568
3569
3573
3574
3576
3577
3579
3581
3582
3583
3584
3586
3588
3589
3590
3591
3592
3596
3597
3601
3603
3604
3605
3606
3612
3613
3614
3615
3617
3618
3620
3621
3622
3625
3627
3629
3630
3631
3632
3633
3637
3639
3640
3644
3647
3648
3649
3652
3655
3656
3657
3660
3662
3663
3668
3669
3670
3671
3672
3673
3675
3676
3678
3681
3683
3685
3686
3687
3688
3689
3690
3691
3693
3695
3697
3698
3701
3704
3705
3707
3708
3710
3713
3715
3716
3717
3718
3719
3720
3721
3725
3727
3732
3733
3734
3735
3737
3738
3739
3740
3741
3743
3744
3745
3746
3750
3751
3753
3754
3759
3761
3762
3767
3768
3769
3771
3775
3776
3777
3779
3781
3783
3785
3786
3788
3789
3790
3792
3793
3794
3796
3798
3800
3802
3804
3807
3809
3810
3812
3813
3814
3815
3819
3820
3821
3822
3823
3825
3827
3828
3830
3831
3833
3834
3835
3836
3838
3840
3841
3842
3843
3845
3846
3848
3849
3853
3855
3857
3858
3859
3861
3862
3863
3865
3866
3867
3869
3870
3872
3874
3875
3876
3878
3879
3880
3881
3882
3884
3885
3887
3889
3891
3892
3893
3894
3895
3896
3898
3899
3900
3902
3903
3905
3906
3908
3909
3910
3914
3916
3917
3919
3921
3924
3925
3927
3929
3930
3934
3935
3936
3938
3939
3940
3941
3942
3943
3944
3945
3946
3949
3950
3951
3952
3956
3957
3962
3963
3964
3965
3966
3967
3970
3972
3973
3975
3976
3977
3979
3981
3982
3983
3984
3985
3986
3988
3989
3990
3992
3993
3994
3995
3996
3997
3998
4000
4001
4003
4005
4007
4008
4009
4010
4012
4014
4015
4017
4020
4022
4023
4027
4030
4031
4032
4035
4037
4038
4039
4041
4045
4051
4053
4054
4055
4057
4058
4061
4062
4063
4064
4067
4068
4070
4073
4074
4075
4076
4077
4078
4079
4082
4085
4086
4087
4088
4090
4092
4093
4095
4096
4097
4098
4103
4105
4107
4110
4111
4116
4122
4123
4126
4128
4135
4136
4139
4141
4142
4143
4145
4147
4148
4149
4151
4153
4155
4159
4161
4163
4164
4165
4167
4169
4174
4176
4178
4179
4180
4181
4182
4184
4186
4189
4190
4191
4192
4195
4196
4197
4199
4201
4204
4206
4208
4209
4210
4212
4213
4216
4217
4218
4220
4221
4222
4226
4227
4229
4230
4237
4239
4241
4243
4246
4247
4249
4251
4256
4258
4259
4260
4268
4269
4270
4272
4275
4277
4278
4279
4280
4282
4284
4285
4286
4287
4289
4291
4292
4295
4296
4298
4300
4302
4306
4311
4312
4315
4318
4319
4320
4324
4325
4327
4328
4329
4330
4334
4335
4337
4339
4340
4341
4342
4347
4349
4350
4352
4353
4354
4355
4356
4357
4359
4364
4365
4367
4368
4371
4372
4375
4378
4379
4381
4386
4389
4390
4392
4396
4397
4398
4399
4400
4402
4403
4405
4409
4410
4412
4413
4416
4420
4423
4424
4429
4430
4431
4433
4434
4437
4440
4442
4443
4447
4448
4449
4451
4452
4453
4454
4456
4460
4461
4463
4465
4466
4467
4469
4472
4473
4474
4475
4476
4477
4478
4479
4481
4482
4483
4486
4487
4488
4489
4491
4492
4494
4495
4504
4505
4510
4511
4512
4515
4517
4518
4520
4525
4526
4528
4529
4531
4535
4536
4538
4539
4541
4543
4545
4546
4551
4553
4554
4555
4559
4560
4561
4563
4564
4565
4567
4569
4570
4571
4573
4574
4577
4578
4579
4584
4585
4587
4588
4589
4591
4593
4594
4597
4598
4599
4603
4606
4607
4608
4609
4610
4611
4613
4615
4616
4617
4620
4624
4625
4626
4627
4628
4630
4631
4634
4635
4636
4637
4643
4644
4645
4647
4649
4650
4653
4654
4658
4659
4660
4664
4667
4668
4671
4672
4673
4674
4676
4677
4680
4681
4682
4685
4687
4688
4689
4690
4692
4693
4696
4697
4698
4700
4701
4703
4705
4707
4708
4711
4713
4715
4717
4718
4719
4722
4723
4724
4727
4730
4732
4733
4736
4739
4740
4742
4743
4744
4746
4749
4751
4754
4755
4757
4758
4761
4762
4766
4767
4769
4771
4776
4777
4778
4783
4784
4785
4789
4790
4791
4792
4793
4794
4795
4796
4798
4799
4805
4806
4808
4809
4811
4812
4815
4816
4818
4820
4821
4823
4826
4830
4831
4832
4833
4834
4835
4838
4839
4840
4841
4844
4845
4847
4848
4851
4852
4853
4856
4858
4859
4865
4866
4868
4869
4871
4872
4873
4874
4876
4878
4881
4886
4888
4889
4890
4892
4894
4895
4898
4900
4902
4904
4905
4906
4907
4908
4909
4910
4912
4913
4914
4915
4916
4917
4918
4920
4921
4923
4926
4928
4929
4931
4932
4933
4934
4936
4937
4938
4939
4940
4941
4943
4944
4945
4946
4948
4949
4950
4954
4955
4957
4958
4959
4960
4961
4962
4963
4967
4968
4969
4970
4971
4972
4973
4974
4977
4978
4983
4987
4990
4991
4992
4993
4994
4995
4996
4998
4999
5001
5003
5004
5006
5008
5009
5010
5012
5013
5017
5018
5020
5021
5022
5023
5025
5030
5031
5032
5035
5036
5038
5039
5040
5043
5044
5045
5047
5048
5049
5050
5051
5052
5053
5055
5056
5057
5060
5061
5065
5066
5067
5068
5071
5072
5073
5074
5075
5076
5077
5079
5080
5081
5086
5088
5094
5095
5096
5097
5098
5099
5101
5102
5104
5107
5108
5109
5110
5111
5113
5116
5118
5121
5123
5124
5125
5127
5128
5130
5132
5134
5136
5137
5139
5142
5145
5146
5147
5148
5149
5151
5153
5154
5157
5158
5160
5162
5164
5167
5168
5173
5174
5175
5176
5177
5178
5181
5185
5187
5188
5192
5193
5194
5195
5197
5198
5199
5200
5202
5205
5210
5212
5213
5214
5215
5216
5218
5219
5220
5222
5223
5227
5228
5229
5230
5232
5234
5236
5237
5238
5239
5242
5243
5244
5245
5246
5249
5250
5252
5256
5258
5260
5261
5262
5263
5264
5267
5269
5271
5272
5275
5277
5279
5280
5281
5283
5284
5285
5288
5289
5290
5291
5292
5293
5294
5295
5296
5298
5299
5301
5302
5304
5305
5306
5308
5311
5316
5317
5320
5322
5323
5325
5326
5327
5328
5331
5333
5336
5337
5338
5342
5345
5346
5348
5349
5350
5352
5353
5354
5356
5357
5358
5359
5360
5361
5362
5364
5365
5368
5369
5371
5372
5373
5379
5381
5382
5383
5385
5387
5390
5392
5394
5396
5397
5398
5399
5402
5403
5405
5406
5407
5408
5410
5411
5412
5413
5417
5418
5419
5420
5423
5425
5426
5428
5429
5434
5435
5436
5437
5438
5439
5440
5441
5442
5443
5444
5446
5447
5448
5449
5450
5452
5454
5455
5458
5461
5465
5466
5469
5471
5473
5474
5476
5478
5479
5484
5485
5486
5488
5489
5491
5492
5493
5495
5496
5498
5500
5501
5505
5509
5511
5514
5515
5517
5519
5520
5521
5522
5524
5526
5527
5528
5529
5530
5531
5532
5533
5534
5535
5537
5539
5540
5541
5542
5543
5544
5545
5547
5549
5551
5553
5555
5556
5557
5558
5562
5563
5565
5566
5567
5570
5571
5572
5573
5577
5578
5579
5580
5582
5583
5585
5587
5589
5590
5592
5594
5596
5600
5601
5603
5606
5607
5608
5610
5611
5612
5615
5618
5620
5621
5626
5627
5628
5630
5631
5632
5634
5635
5637
5639
5641
5642
5643
5647
5648
5650
5652
5653
5654
5655
5656
5660
5661
5663
5664
5666
5667
5669
5670
5671
5672
5673
5674
5676
5677
5678
5680
5681
5682
5683
5684
5685
5687
5689
5691
5695
5697
5698
5699
5700
5701
5702
5704
5707
5711
5713
5718
5722
5723
5724
5726
5728
5729
5731
5732
5734
5735
5738
5739
5742
5743
5745
5747
5751
5753
5754
5755
5756
5758
5759
5761
5762
5763
5766
5768
5770
5771
5772
5774
5775
5777
5779
5782
5786
5788
5790
5791
5792
5794
5795
5796
5798
5799
5800
5801
5805
5808
5809
5812
5813
5814
5816
5817
5818
5820
5822
5827
5828
5832
5833
5835
5836
5837
5839
5843
5844
5846
5847
5851
5853
5855
5857
5858
5859
5860
5863
5864
5866
5868
5869
5871
5872
5874
5875
5877
5878
5879
5882
5884
5887
5888
5890
5891
5892
5893
5894
5895
5896
5897
5898
5900
5901
5902
5903
5904
5905
5906
5908
5909
5912
5915
5916
5918
5919
5920
5921
5924
5925
5928
5931
5932
5935
5936
5940
5942
5944
5945
5948
5949
5951
5953
5956
5957
5961
5963
5964
5965
5966
5968
5974
5975
5979
5980
5981
5983
5986
5987
5989
5991
5992
5994
5998
6001
6004
6008
6009
6010
6011
6015
6016
6017
6018
6019
6020
6021
6023
6024
6026
6028
6029
6031
6033
6034
6035
6036
6038
6039
6040
6042
6043
6044
6045
6049
6050
6052
6053
6054
6056
6058
6059
6060
6063
6064
6065
6066
6068
6070
6071
6073
6077
6078
6080
6085
6087
6089
6090
6094
6098
6099
6104
6106
6107
6108
6109
6112
6113
6114
6117
6118
6119
6120
6123
6124
6127
6128
6129
6130
6131
6133
6134
6135
6136
6138
6139
6141
6142
6144
6147
6148
6149
6151
6152
6153
6154
6156
6158
6160
6161
6162
6164
6167
6168
6169
6170
6171
6172
6174
6176
6177
6179
6181
6182
6185
6186
6187
6188
6189
6190
6191
6192
6193
6195
6196
6197
6200
6205
6207
6210
6211
6212
6213
6214
6217
6218
6219
6220
6222
6223
6224
6225
6227
6228
6230
6231
6233
6234
6235
6236
6237
6238
6240
6242
6243
6244
6245
6247
6249
6251
6254
6257
6258
6259
6261
6265
6269
6270
6271
6272
6273
6278
6279
6280
6281
6282
6283
6285
6286
6287
6288
6289
6290
6296
6299
6300
6301
6302
6304
6307
6308
6309
6311
6312
6313
6314
6318
6320
6322
6323
6324
6326
6328
6334
6336
6339
6341
6342
6344
6346
6347
6351
6353
6354
6361
6362
6364
6366
6368
6369
6370
6371
6375
6377
6378
6379
6382
6383
6384
6388
6397
6398
6399
6400
6401
6402
6403
6405
6408
6410
6412
6413
6414
6415
6416
6417
6418
6419
6420
6421
6423
6424
6425
6427
6430
6432
6433
6434
6435
6438
6439
6441
6444
6445
6446
6448
6449
6450
6453
6454
6455
6456
6457
6458
6460
6463
6465
6467
6468
6469
6472
6473
6474
6475
6476
6482
6483
6485
6487
6489
6490
6491
6500
6501
6502
6504
6510
6511
6513
6514
6519
6521
6522
6523
6526
6528
6529
6530
6531
6532
6534
6536
6539
6541
6545
6548
6550
6551
6552
6554
6556
6558
6560
6561
6562
6564
6565
6567
6569
6570
6571
6573
6574
6575
6576
6577
6578
6584
6585
6588
6591
6594
6595
6596
6597
6599
6601
6602
6605
6606
6607
6608
6609
6612
6613
6614
6616
6618
6620
6622
6626
6627
6629
6630
6631
6632
6633
6634
6637
6638
6639
6641
6643
6645
6647
6648
6650
6651
6653
6655
6656
6657
6658
6660
6661
6662
6663
6666
6667
6669
6670
6671
6673
6675
6676
6678
6682
6684
6685
6687
6688
6690
6693
6695
6697
6698
6699
6702
6704
6708
6709
6712
6714
6715
6717
6718
6719
6724
6726
6728
6729
6731
6732
6734
6735
6736
6737
6740
6741
6743
6744
6745
6746
6747
6748
6751
6752
6754
6755
6757
6758
6761
6763
6764
6765
6768
6769
6771
6772
6773
6774
6775
6779
6780
6782
6784
6785
6789
6790
6791
6796
6797
6801
6804
6806
6807
6808
6811
6812
6815
6816
6818
6819
6823
6825
6827
6828
6829
6830
6831
6833
6834
6836
6838
6839
6841
6842
6843
6846
6850
6851
6852
6854
6855
6856
6857
6860
6862
6864
6866
6867
6868
6869
6870
6873
6874
6875
6880
6883
6884
6885
6887
6889
6890
6891
6893
6894
6901
6902
6904
6906
6908
6911
6913
6915
6916
6917
6920
6921
6922
6924
6926
6927
6928
6930
6932
6933
6936
6939
6941
6942
6944
6945
6946
6947
6948
6951
6953
6955
6958
6959
6962
6963
6964
6965
6967
6972
6973
6974
6979
6980
6983
6985
6986
6987
6988
6989
6990
6991
6992
6993
6994
6996
6997
6998
6999
7000
7001
7002
7003
7004
7005
7007
7008
7009
7010
7013
7015
7017
7018
7019
7020
7021
7025
7026
7028
7031
7033
7036
7037
7039
7040
7041
7042
7045
7046
7047
7051
7053
7054
7056
7057
7058
7059
7060
7061
7062
7063
7066
7067
7068
7069
7072
7073
7074
7075
7076
7077
7078
7080
7083
7084
7086
7087
7088
7090
7091
7092
7093
7094
7096
7099
7100
7101
7104
7105
7106
7107
7108
7111
7112
7114
7115
7117
7118
7119
7120
7123
7124
7125
7127
7128
7129
7130
7132
7134
7136
7138
7140
7142
7143
7145
7146
7147
7148
7149
7150
7152
7154
7155
7157
7158
7159
7162
7167
7169
7170
7175
7176
7177
7179
7180
7181
7184
7186
7189
7192
7195
7196
7198
7200
7201
7202
7205
7206
7208
7209
7211
7212
7214
7217
7218
7221
7223
7224
7225
7228
7229
7230
7231
7236
7238
7239
7242
7243
7244
7247
7250
7251
7252
7256
7257
7258
7259
7260
7263
7264
7265
7266
7269
7270
7272
7274
7275
7276
7277
7280
7281
7283
7285
7286
7288
7289
7292
7293
7296
7299
7300
7301
7303
7304
7305
7307
7309
7310
7311
7312
7315
7316
7318
7319
7320
7321
7322
7323
7326
7327
7328
7329
7332
7333
7334
7335
7336
7337
7338
7339
7340
7341
7342
7343
7344
7345
7346
7348
7350
7352
7355
7357
7362
7363
7364
7365
7366
7369
7370
7372
7373
7374
7379
7380
7381
7382
7383
7384
7385
7386
7388
7389
7391
7394
7395
7396
7398
7401
7403
7404
7407
7408
7409
7410
7411
7413
7414
7416
7417
7418
7421
7422
7423
7424
7425
7427
7428
7429
7430
7431
7434
7435
7437
7438
7439
7440
7444
7447
7449
7454
7456
7459
7460
7463
7464
7470
7473
7474
7477
7479
7481
7483
7484
7485
7487
7490
7491
7492
7494
7495
7496
7499
7500
7504
7505
7506
7508
7509
7510
7513
7514
7515
7517
7519
7521
7523
7525
7527
7530
7532
7535
7536
7537
7539
7541
7544
7546
7548
7549
7552
7554
7556
7558
7559
7560
7561
7562
7564
7565
7566
7568
7569
7570
7573
7574
7577
7579
7581
7585
7587
7588
7589
7590
7591
7592
7593
7594
7597
7599
7601
7602
7604
7605
7607
7608
7613
7615
7616
7619
7620
7622
7623
7625
7627
7628
7630
7631
7632
7633
7635
7637
7638
7640
7642
7643
7645
7649
7650
7653
7655
7656
7660
7661
7662
7663
7664
7666
7667
7668
7671
7673
7674
7678
7681
7682
7683
7685
7686
7688
7689
7690
7691
7692
7693
7694
7696
7697
7698
7700
7701
7703
7704
7708
7710
7712
7713
7714
7718
7721
7722
7723
7725
7727
7729
7731
7734
7735
7736
7740
7744
7747
7749
7751
7752
7756
7759
7761
7763
7764
7766
7767
7769
7771
7772
7773
7775
7776
7777
7778
7779
7780
7781
7783
7784
7786
7789
7790
7792
7793
7796
7797
7799
7801
7807
7808
7809
7810
7812
7813
7815
7818
7819
7820
7823
7824
7826
7827
7828
7832
7833
7834
7835
7836
7837
7838
7839
7841
7842
7843
7844
7845
7846
7847
7848
7851
7853
7854
7855
7858
7859
7862
7864
7865
7867
7868
7870
7872
7873
7876
7878
7880
7881
7882
7888
7889
7890
7891
7892
7897
7903
7904
7907
7908
7909
7910
7912
7916
7919
7921
7922
7924
7925
7926
7928
7930
7931
7933
7934
7935
7936
7937
7938
7940
7942
7944
7946
7948
7949
7950
7952
7953
7954
7956
7959
7964
7966
7970
7974
7977
7979
7982
7984
7985
7986
7988
7991
7993
7994
7995
7998
7999
8001
8004
8005
8007
8008
8011
8012
8014
8017
8018
8019
8020
8022
8025
8027
8029
8031
8032
8033
8035
8037
8040
8041
8042
8043
8045
8047
8049
8051
8053
8054
8055
8060
8061
8062
8064
8065
8066
8067
8069
8071
8072
8075
8076
8077
8078
8080
8081
8082
8087
8088
8089
8091
8093
8094
8095
8096
8099
8102
8105
8107
8108
8109
8111
8112
8113
8114
8115
8116
8117
8119
8120
8123
8126
8127
8128
8130
8131
8133
8135
8136
8138
8140
8143
8144
8149
8150
8151
8152
8153
8156
8157
8160
8162
8166
8167
8168
8169
8172
8174
8175
8177
8178
8180
8181
8183
8186
8189
8191
8194
8195
8198
8201
8203
8204
8205
8207
8209
8210
8211
8212
8213
8214
8217
8218
8220
8222
8224
8227
8228
8229
8230
8238
8239
8242
8245
8246
8247
8248
8249
8250
8253
8254
8258
8260
8261
8262
8263
8265
8266
8267
8268
8270
8271
8274
8276
8281
8286
8288
8290
8291
8293
8294
8298
8299
8301
8302
8305
8306
8307
8308
8309
8310
8311
8312
8313
8315
8317
8320
8321
8322
8324
8326
8327
8328
8335
8336
8337
8338
8339
8340
8343
8344
8346
8348
8349
8352
8353
8354
8355
8357
8358
8359
8360
8361
8362
8363
8364
8365
8366
8367
8369
8376
8377
8379
8381
8382
8384
8386
8387
8388
8389
8390
8391
8393
8395
8396
8397
8398
8401
8402
8404
8406
8408
8409
8410
8411
8412
8413
8415
8416
8417
8420
8422
8424
8425
8434
8437
8439
8440
8441
8443
8444
8445
8446
8447
8448
8449
8451
8453
8457
8458
8461
8462
8463
8464
8465
8468
8469
8470
8472
8476
8477
8478
8479
8482
8483
8485
8486
8487
8490
8493
8494
8495
8496
8497
8498
8499
8500
8502
8503
8504
8505
8507
8508
8510
8511
8513
8514
8515
8516
8517
8518
8519
8520
8522
8523
8526
8527
8529
8530
8532
8534
8535
8536
8538
8539
8541
8544
8546
8548
8551
8552
8553
8554
8556
8558
8559
8562
8564
8565
8568
8575
8576
8577
8578
8580
8582
8583
8584
8585
8586
8588
8589
8591
8593
8597
8598
8599
8600
8602
8603
8604
8605
8606
8608
8609
8610
8612
8613
8615
8617
8619
8620
8622
8623
8624
8625
8626
8628
8629
8631
8633
8634
8635
8636
8638
8642
8644
8647
8648
8651
8652
8655
8657
8658
8659
8660
8666
8667
8670
8671
8672
8676
8677
8682
8683
8685
8688
8689
8690
8691
8694
8695
8696
8697
8699
8701
8702
8703
8704
8705
8706
8707
8709
8711
8712
8714
8715
8716
8718
8719
8720
8721
8722
8723
8729
8730
8731
8732
8733
8734
8736
8738
8739
8740
8742
8743
8744
8747
8748
8749
8750
8751
8752
8754
8755
8757
8760
8761
8762
8763
8764
8765
8767
8770
8772
8773
8775
8776
8777
8779
8781
8783
8785
8786
8787
8790
8791
8792
8794
8796
8797
8798
8799
8800
8802
8803
8807
8808
8809
8813
8814
8815
8816
8820
8826
8828
8835
8837
8839
8840
8841
8844
8846
8847
8848
8849
8851
8852
8853
8855
8857
8858
8862
8863
8864
8866
8868
8872
8873
8874
8875
8876
8877
8878
8879
8882
8883
8885
8887
8888
8891
8892
8895
8900
8901
8905
8908
8909
8910
8913
8914
8916
8918
8919
8921
8923
8925
8928
8929
8930
8931
8932
8937
8940
8941
8942
8943
8945
8946
8947
8949
8951
8952
8953
8955
8956
8957
8959
8962
8963
8964
8967
8969
8970
8971
8976
8977
8978
8979
8980
8981
8982
8983
8984
8988
8989
8990
8991
8993
8995
8996
8998
8999
9001
9002
9003
9008
9010
9011
9012
9013
9016
9018
9019
9022
9023
9025
9026
9027
9028
9030
9031
9032
9033
9034
9037
9041
9042
9044
9045
9046
9048
9049
9050
9051
9052
9055
9058
9060
9061
9062
9064
9069
9070
9071
9072
9074
9075
9076
9080
9081
9082
9084
9085
9087
9090
9091
9093
9095
9096
9098
9099
9100
9101
9103
9104
9105
9106
9107
9108
9109
9112
9113
9114
9115
9116
9120
9122
9123
9124
9125
9126
9127
9128
9129
9131
9132
9134
9135
9139
9140
9141
9143
9145
9146
9147
9148
9149
9150
9151
9152
9156
9158
9160
9162
9164
9165
9167
9168
9170
9171
9172
9175
9176
9177
9178
9180
9181
9182
9183
9185
9187
9188
9189
9190
9192
9194
9195
9196
9197
9198
9202
9203
9205
9206
9207
9208
9210
9211
9214
9216
9218
9219
9221
9222
9225
9226
9227
9230
9232
9234
9236
9238
9239
9240
9244
9245
9248
9251
9252
9254
9255
9259
9261
9262
9264
9265
9267
9268
9269
9271
9272
9274
9276
9279
9281
9284
9285
9286
9289
9292
9293
9294
9295
9297
9298
9300
9302
9303
9304
9307
9308
9311
9312
9313
9314
9316
9317
9318
9320
9323
9324
9327
9328
9330
9332
9333
9335
9336
9338
9339
9340
9341
9343
9344
9346
9348
9349
9350
9352
9355
9356
9358
9359
9360
9362
9363
9364
9365
9366
9367
9370
9371
9372
9375
9378
9381
9382
9383
9385
9388
9389
9390
9391
9392
9395
9396
9398
9402
9403
9404
9407
9408
9410
9411
9412
9415
9417
9418
9421
9422
9423
9428
9430
9431
9432
9433
9434
9435
9436
9437
9438
9440
9441
9445
9446
9449
9450
9451
9454
9455
9456
9457
9459
9460
9461
9463
9464
9465
9466
9467
9469
9470
9471
9473
9474
9475
9476
9477
9478
9479
9481
9482
9483
9484
9485
9486
9487
9488
9491
9493
9496
9498
9499
9500
9501
9502
9504
9507
9508
9510
9512
9513
9516
9518
9519
9520
9524
9525
9526
9528
9530
9531
9534
9535
9537
9538
9540
9542
9544
9545
9548
9550
9552
9553
9554
9556
9557
9560
9562
9566
9568
9570
9573
9574
9576
9577
9578
9579
9581
9584
9585
9586
9588
9589
9590
9591
9592
9593
9595
9596
9597
9598
9599
9600
9601
9603
9605
9606
9608
9610
9611
9613
9615
9617
9618
9619
9621
9622
9623
9625
9626
9628
9629
9630
9633
9636
9637
9638
9639
9640
9644
9647
9648
9651
9653
9654
9655
9657
9658
9659
9660
9662
9663
9664
9665
9666
9667
9669
9670
9674
9675
9677
9680
9681
9683
9685
9687
9688
9689
9691
9692
9693
9695
9696
9697
9700
9701
9702
9705
9707
9708
9709
9710
9711
9712
9714
9716
9720
9721
9722
9723
9724
9726
9728
9729
9730
9732
9733
9734
9736
9738
9739
9740
9741
9743
9744
9745
9746
9748
9749
9751
9753
9756
9758
9762
9766
9768
9779
9780
9781
9782
9783
9784
9789
9791
9793
9794
9795
9796
9797
9798
9801
9803
9804
9805
9806
9807
9809
9815
9818
9819
9821
9822
9823
9824
9826
9828
9830
9831
9832
9833
9835
9837
9839
9840
9842
9843
9845
9848
9849
9850
9852
9853
9854
9855
9857
9858
9860
9861
9862
9863
9865
9869
9870
9874
9876
9881
9884
9887
9888
9891
9892
9893
9895
9897
9899
9900
9904
9907
9909
9910
9913
9914
9916
9917
9918
9921
9922
9923
9924
9925
9926
9927
9929
9931
9934
9935
9940
9941
9942
9944
9948
9949
9950
9951
9957
9959
9960
9961
9962
9965
9966
9967
9969
9970
9971
9972
9975
9977
9979
9980
9982
9983
9984
9985
9986
9990
9993
9995
9996
9999
10002
10003
10004
10005
10006
10008
10012
10013
10015
10018
10020
10021
10022
10023
10025
10026
10027
10031
10032
10035
10036
10039
10040
10041
10043
10046
10048
10051
10052
10053
10054
10055
10059
10060
10061
10062
10067
10068
10069
10070
10075
10076
10078
10079
10080
10082
10085
10087
10089
10093
10094
10096
10098
10099
10101
10102
10103
10104
10105
10109
10110
10111
10113
10115
10116
10117
10118
10121
10124
10125
10127
10128
10129
10130
10131
10134
10137
10139
10141
10142
10145
10147
10148
10149
10151
10152
10153
10154
10155
10156
10157
10162
10163
10164
10168
10169
10170
10171
10172
10173
10174
10176
10177
10180
10184
10185
10187
10192
10193
10195
10196
10197
10198
10199
10201
10202
10204
10207
10208
10209
10211
10213
10215
10217
10219
10220
10222
10223
10225
10226
10228
10231
10232
10234
10235
10237
10241
10243
10245
10246
10247
10249
10250
10252
10255
10256
10257
10260
10262
10264
10265
10268
10271
10274
10275
10278
10280
10282
10284
10286
10290
10293
10296
10297
10298
10299
10300
10304
10305
10307
10308
10309
10310
10312
10313
10314
10315
10316
10317
10319
10322
10324
10327
10329
10333
10334
10335
10336
10337
10338
10339
10340
10342
10344
10345
10346
10348
10349
10352
10354
10355
10356
10358
10360
10361
10362
10365
10367
10370
10371
10373
10374
10375
10377
10378
10379
10380
10381
10384
10386
10389
10390
10392
10393
10395
10397
10399
10400
10401
10403
10404
10405
10406
10408
10409
10412
10415
10416
10417
10420
10421
10422
10423
10424
10427
10428
10429
10430
10433
10434
10435
10439
10443
10445
10446
10447
10448
10449
10451
10452
10454
10455
10456
10457
10458
10462
10463
10465
10467
10470
10471
10473
10474
10476
10478
10479
10481
10482
10486
10487
10490
10491
10493
10494
10496
10497
10498
10499
10500
10502
10503
10504
10506
10508
10510
10511
10513
10514
10518
10521
10522
10523
10524
10526
10529
10530
10531
10532
10533
10535
10536
10537
10539
10540
10542
10543
10546
10547
10548
10549
10550
10551
10553
10554
10555
10561
10565
10569
10570
10571
10572
10573
10575
10578
10579
10581
10582
10583
10586
10589
10590
10591
10592
10593
10594
10595
10599
10600
10603
10606
10607
10609
10612
10615
10616
10619
10620
10625
10627
10629
10631
10632
10635
10637
10638
10639
10642
10644
10645
10647
10648
10650
10651
10652
10653
10656
10657
10658
10661
10662
10664
10665
10668
10670
10671
10675
10676
10679
10680
10682
10683
10684
10688
10689
10690
10691
10692
10693
10694
10695
10696
10705
10709
10710
10711
10712
10713
10715
10717
10718
10719
10724
10725
10727
10728
10729
10731
10732
10733
10736
10737
10739
10744
10747
10748
10749
10750
10751
10754
10755
10756
10759
10761
10763
10764
10767
10769
10771
10772
10773
10774
10776
10777
10779
10781
10782
10783
10784
10786
10787
10788
10789
10790
10792
10793
10794
10797
10798
10800
10802
10803
10804
10807
10810
10811
10812
10813
10814
10816
10819
10820
10823
10824
10827
10828
10829
10830
10832
10833
10834
10838
10841
10843
10844
10847
10848
10849
10850
10851
10852
10853
10854
10856
10857
10858
10859
10860
10863
10866
10868
10869
10871
10872
10873
10876
10877
10878
10880
10881
10882
10883
10885
10886
10887
10888
10889
10890
10892
10896
10899
10900
10901
10902
10904
10905
10906
10908
10909
10912
10913
10915
10917
10918
10919
10920
10921
10926
10927
10928
10929
10931
10933
10935
10937
10938
10939
10940
10941
10944
10947
10948
10953
10954
10955
10956
10957
10959
10961
10962
10963
10964
10967
10969
10970
10974
10976
10977
10980
10982
10984
10986
10987
10990
10993
10994
10998
10999
11001
11004
11008
11009
11010
11012
11014
11017
11018
11019
11021
11022
11023
11026
11028
11034
11035
11036
11037
11038
11039
11040
11042
11043
11044
11046
11047
11048
11053
11054
11057
11058
11059
11060
11061
11062
11063
11064
11065
11066
11068
11069
11073
11079
11080
11081
11082
11083
11084
11087
11089
11090
11091
11092
11094
11095
11096
11098
11101
11103
11104
11107
11109
11112
11113
11114
11115
11119
11121
11124
11127
11129
11132
11134
11135
11136
11137
11139
11141
11142
11143
11144
11148
11150
11151
11152
11153
11154
11156
11158
11159
11161
11163
11164
11165
11166
11168
11173
11178
11179
11180
11181
11182
11183
11184
11188
11189
11193
11194
11196
11197
11199
11201
11202
11204
11206
11208
11212
11213
11215
11218
11219
11220
11223
11224
11225
11227
11228
11230
11232
11233
11234
11235
11236
11237
11238
11240
11242
11246
11247
11249
11250
11251
11253
11254
11255
11257
11259
11260
11262
11263
11264
11265
11266
11267
11270
11272
11273
11274
11276
11277
11279
11281
11282
11284
11290
11291
11295
11296
11297
11298
11300
11302
11303
11304
11305
11307
11310
11311
11312
11313
11315
11316
11317
11318
11319
11320
11321
11323
11324
11328
11331
11332
11333
11335
11336
11337
11338
11340
11341
11342
11344
11345
11349
11350
11352
11358
11359
11360
11361
11362
11363
11369
11372
11373
11375
11379
11380
11381
11384
11385
11387
11389
11390
11395
11396
11397
11398
11399
11400
11402
11403
11404
11405
11408
11409
11410
11411
11413
11414
11417
11419
11420
11422
11425
11426
11427
11428
11430
11431
11432
11433
11436
11437
11438
11442
11443
11445
11447
11448
11449
11450
11451
11453
11454
11455
11456
11459
11460
11461
11463
11464
11466
11467
11468
11469
11471
11472
11473
11474
11475
11476
11477
11478
11479
11480
11481
11483
11486
11489
11490
11491
11493
11494
11497
11498
11499
11500
11501
11503
11505
11506
11507
11508
11509
11510
11512
11514
11515
11517
11518
11519
11522
11526
11528
11529
11531
11532
11533
11534
11535
11536
11537
11540
11541
11542
11544
11545
11546
11548
11549
11552
11553
11555
11556
11558
11559
11560
11561
11562
11564
11565
11566
11568
11570
11572
11573
11574
11575
11579
11583
11584
11585
11586
11588
11589
11590
11591
11593
11595
11597
11601
11603
11606
11607
11609
11611
11612
11613
11616
11617
11621
11622
11624
11625
11627
11628
11629
11632
11637
11638
11641
11644
11646
11650
11652
11653
11654
11655
11656
11658
11659
11660
11662
11663
11664
11665
11667
11669
11671
11672
11674
11677
11678
11682
11684
11685
11686
11689
11692
11695
11696
11697
11699
11700
11701
11702
11705
11706
11709
11716
11719
11720
11721
11724
11727
11728
11729
11731
11732
11733
11735
11736
11738
11742
11743
11746
11748
11749
11752
11753
11761
11765
11766
11772
11774
11777
11778
11779
11780
11781
11783
11785
11790
11792
11796
11800
11802
11803
11804
11807
11809
11810
11811
11812
11813
11814
11815
11816
11817
11818
11819
11820
11821
11822
11823
11824
11826
11827
11828
11830
11832
11833
11834
11836
11839
11840
11842
11845
11846
11847
11850
11851
11852
11853
11854
11855
11856
11857
11860
11870
11873
11874
11875
11876
11877
11880
11882
11883
11885
11886
11887
11891
11892
11893
11895
11896
11897
11898
11899
11900
11905
11906
11907
11910
11913
11917
11918
11921
11923
11924
11926
11927
11928
11931
11932
11935
11936
11937
11941
11943
11944
11945
11947
11948
11949
11952
11954
11955
11956
11957
11959
11960
11961
11962
11963
11964
11966
11969
11970
11971
11975
11977
11978
11981
11982
11983
11984
11987
11988
11990
11991
11992
11996
11998
11999
12000
12001
12002
12003
12006
12007
12009
12010
12011
12012
12014
12015
12017
12020
12025
12026
12027
12029
12031
12032
12033
12036
12037
12039
12041
12042
12043
12044
12045
12046
12047
12050
12052
12053
12054
12055
12057
12060
12062
12065
12066
12068
12069
12070
12072
12073
12075
12077
12078
12081
12082
12083
12086
12089
12090
12091
12094
12097
12099
12102
12103
12104
12105
12108
12109
12110
12111
12112
12114
12117
12119
12120
12122
12124
12128
12129
12130
12133
12134
12135
12136
12137
12138
12140
12142
12143
12148
12149
12152
12153
12155
12156
12157
12165
12166
12168
12169
12170
12171
12173
12176
12177
12178
12179
12180
12181
12182
12183
12185
12187
12189
12190
12191
12196
12197
12198
12200
12201
12202
12204
12209
12211
12212
12213
12215
12217
12220
12223
12225
12226
12228
12229
12230
12237
12239
12242
12243
12244
12247
12248
12249
12250
12252
12255
12259
12260
12262
12264
12265
12266
12267
12268
12271
12273
12274
12275
12276
12277
12283
12286
12287
12288
12289
12290
12292
12294
12295
12296
12298
12300
12303
12307
12308
12312
12313
12315
12316
12317
12318
12319
12320
12321
12323
12324
12328
12329
12330
12331
12332
12335
12336
12337
12338
12347
12350
12353
12355
12359
12360
12361
12363
12364
12365
12367
12369
12371
12372
12373
12374
12375
12376
12377
12379
12383
12385
12386
12388
12390
12391
12394
12395
12396
12397
12399
12400
12401
12402
12404
12405
12407
12408
12409
12410
12413
12416
12418
12419
12421
12422
12426
12427
12428
12430
12432
12433
12434
12435
12439
12441
12443
12445
12448
12450
12451
12452
12453
12454
12455
12458
12459
12461
12466
12467
12469
12470
12472
12473
12476
12479
12481
12482
12484
12486
12488
12489
12490
12491
12494
12495
12496
12497
12498
12499
12500
12503
12505
12507
12508
12509
12510
12514
12516
12519
12520
12521
12522
12523
12525
12528
12529
12533
12534
12535
12537
12539
12543
12544
12545
12547
12554
12555
12558
12560
12561
12562
12564
12565
12566
12569
12572
12574
12575
12576
12579
12584
12585
12588
12591
12594
12595
12596
12597
12598
12599
12603
12604
12605
12606
12607
12608
12609
12613
12614
12615
12616
12618
12620
12621
12622
12623
12624
12625
12626
12628
12630
12631
12634
12635
12636
12637
12638
12639
12642
12644
12647
12648
12649
12650
12651
12653
12654
12656
12661
12662
12664
12668
12669
12670
12671
12672
12674
12675
12680
12682
12684
12685
12686
12689
12690
12692
12695
12696
12699
12700
12702
12703
12704
12706
12707
12709
12710
12716
12719
12722
12724
12725
12726
12727
12731
12733
12734
12735
12738
12742
12745
12746
12747
12749
12750
12754
12755
12756
12760
12761
12763
12764
12765
12767
12769
12770
12771
12774
12776
12777
12778
12779
12780
12783
12784
12785
12788
12789
12791
12792
12793
12795
12796
12797
12799
12800
12803
12804
12807
12808
12810
12812
12814
12817
12818
12819
12823
12824
12826
12827
12829
12830
12833
12834
12835
12836
12838
12842
12843
12844
12845
12846
12847
12850
12857
12858
12863
12867
12869
12870
12872
12873
12875
12876
12878
12879
12880
12884
12885
12886
12888
12891
12895
12896
12897
12899
12900
12901
12902
12906
12908
12910
12912
12914
12917
12921
12922
12927
12928
12934
12936
12937
12938
12941
12942
12943
12944
12946
12947
12949
12951
12953
12958
12961
12962
12963
12965
12966
12968
12970
12971
12973
12975
12981
12984
12985
12989
12991
12992
12994
12995
12996
12998
13000
13003
13004
13008
13011
13012
13015
13016
13017
13018
13021
13024
13025
13026
13027
13028
13031
13032
13033
13035
13036
13040
13041
13042
13044
13045
13046
13049
13050
13051
13052
13053
13055
13056
13057
13063
13065
13066
13069
13070
13071
13072
13076
13079
13080
13082
13083
13084
13085
13086
13089
13090
13092
13093
13094
13097
13098
13106
13107
13108
13109
13111
13112
13113
13117
13118
13119
13121
13123
13126
13127
13131
13133
13134
13137
13138
13139
13142
13143
13147
13149
13151
13156
13157
13159
13160
13161
13162
13165
13166
13171
13173
13174
13178
13180
13182
13183
13184
13185
13187
13188
13191
13195
13198
13199
13202
13203
13205
13207
13208
13209
13210
13212
13214
13216
13217
13219
13221
13222
13223
13224
13226
13228
13229
13233
13234
13235
13236
13237
13238
13241
13242
13243
13244
13245
13247
13250
13251
13252
13253
13255
13257
13259
13262
13263
13264
13268
13271
13273
13275
13277
13279
13280
13284
13285
13286
13287
13290
13297
13298
13301
13303
13305
13307
13309
13310
13311
13312
13315
13316
13317
13322
13323
13324
13327
13329
13331
13333
13336
13337
13338
13341
13343
13344
13346
13347
13349
13353
13355
13356
13357
13360
13361
13362
13370
13371
13372
13373
13378
13379
13381
13382
13384
13385
13387
13390
13391
13393
13394
13396
13399
13402
13404
13411
13412
13415
13424
13426
13429
13431
13432
13435
13444
13445
13446
13447
13448
13449
13453
13454
13456
13458
13459
13460
13463
13465
13466
13467
13468
13471
13472
13474
13475
13476
13480
13482
13483
13485
13488
13489
13493
13499
13504
13506
13507
13508
13509
13511
13513
13516
13518
13519
13523
13525
13526
13529
13530
13531
13532
13534
13535
13536
13538
13539
13540
13541
13542
13544
13546
13548
13550
13553
13555
13556
13557
13558
13559
13562
13564
13566
13567
13568
13571
13574
13575
13576
13577
13579
13580
13582
13583
13584
13587
13588
13589
13590
13591
13592
13593
13595
13596
13599
13600
13601
13602
13604
13605
13610
13614
13616
13617
13618
13619
13620
13621
13623
13624
13626
13632
13634
13635
13636
13638
13639
13640
13643
13644
13645
13647
13648
13649
13651
13653
13654
13656
13657
13658
13662
13663
13664
13666
13667
13671
13675
13677
13678
13680
13684
13686
13687
13688
13689
13690
13691
13692
13693
13696
13698
13699
13702
13706
13707
13709
13711
13714
13717
13721
13726
13727
13728
13731
13732
13733
13737
13741
13742
13745
13746
13747
13748
13749
13750
13752
13753
13756
13758
13759
13760
13764
13765
13768
13771
13772
13774
13775
13779
13780
13782
13783
13784
13789
13790
13793
13794
13797
13798
13801
13803
13808
13810
13812
13813
13814
13815
13816
13819
13820
13822
13823
13824
13825
13826
13827
13828
13829
13830
13833
13834
13838
13840
13841
13843
13845
13846
13847
13848
13849
13850
13852
13853
13857
13859
13861
13863
13870
13873
13875
13876
13878
13879
13880
13881
13882
13883
13884
13886
13887
13888
13889
13893
13894
13895
13896
13898
13899
13901
13902
13903
13905
13906
13907
13909
13911
13912
13913
13915
13917
13918
13920
13922
13927
13928
13933
13934
13935
13939
13940
13941
13943
13944
13947
13950
13953
13957
13958
13959
13960
13961
13962
13963
13966
13967
13968
13969
13970
13971
13974
13975
13977
13980
13981
13983
13985
13986
13987
13989
13993
13996
13997
13999
14003
14004
14006
14009
14013
14015
14016
14017
14018
14019
14020
14022
14025
14028
14029
14030
14033
14034
14036
14037
14039
14041
14043
14045
14046
14047
14049
14050
14051
14052
14054
14055
14056
14058
14060
14062
14063
14064
14066
14067
14068
14069
14072
14073
14074
14079
14081
14082
14083
14084
14085
14086
14090
14091
14093
14095
14099
14100
14103
14106
14107
14109
14111
14113
14115
14117
14120
14121
14122
14124
14125
14127
14128
14130
14131
14132
14133
14135
14136
14137
14138
14140
14141
14142
14143
14144
14145
14147
14148
14149
14152
14154
14155
14156
14157
14162
14164
14166
14168
14169
14170
14172
14173
14175
14176
14177
14180
14183
14184
14185
14188
14190
14192
14193
14195
14196
14198
14199
14200
14201
14202
14203
14204
14206
14207
14209
14211
14213
14214
14216
14219
14220
14224
14225
14226
14228
14229
14233
14237
14238
14244
14245
14249
14250
14252
14253
14254
14255
14257
14258
14260
14261
14262
14263
14266
14267
14268
14269
14271
14272
14275
14276
14278
14279
14280
14281
14283
14284
14285
14286
14289
14292
14294
14296
14298
14300
14302
14303
14304
14306
14307
14310
14311
14316
14318
14320
14322
14323
14324
14325
14326
14327
14328
14329
14331
14332
14333
14336
14337
14338
14340
14342
14344
14345
14346
14347
14349
14351
14353
14354
14355
14357
14360
14361
14366
14367
14369
14370
14371
14372
14374
14375
14376
14377
14378
14381
14382
14383
14384
14387
14388
14391
14392
14393
14394
14395
14396
14399
14400
14401
14402
14405
14408
14409
14410
14413
14414
14416
14417
14419
14420
14421
14422
14425
14430
14432
14435
14437
14447
14449
14450
14451
14452
14455
14456
14458
14460
14461
14462
14463
14464
14465
14466
14468
14469
14470
14471
14472
14473
14474
14475
14476
14477
14480
14483
14485
14487
14488
14490
14491
14492
14497
14499
14500
14501
14502
14503
14505
14507
14510
14511
14513
14515
14516
14517
14518
14519
14520
14522
14523
14526
14529
14530
14531
14532
14534
14537
14539
14542
14543
14545
14547
14551
14552
14553
14556
14557
14558
14559
14560
14561
14562
14563
14564
14566
14568
14572
14574
14576
14578
14579
14580
14583
14585
14586
14589
14590
14591
14592
14593
14594
14595
14596
14600
14602
14603
14604
14606
14607
14608
14610
14611
14612
14615
14616
14618
14619
14620
14621
14625
14626
14628
14629
14631
14632
14633
14634
14635
14637
14639
14640
14641
14644
14645
14646
14647
14648
14649
14650
14651
14652
14654
14655
14656
14660
14661
14662
14665
14666
14668
14669
14670
14671
14673
14674
14675
14678
14679
14680
14681
14682
14684
14686
14687
14689
14691
14692
14695
14696
14697
14698
14700
14702
14703
14704
14708
14709
14710
14711
14712
14713
14714
14715
14717
14718
14720
14721
14722
14723
14724
14725
14727
14729
14730
14734
14736
14737
14738
14739
14740
14741
14742
14744
14748
14749
14756
14759
14761
14765
14769
14771
14772
14774
14776
14777
14780
14781
14785
14787
14789
14790
14791
14794
14795
14801
14802
14803
14806
14807
14809
14810
14812
14814
14815
14819
14820
14821
14824
14826
14827
14830
14831
14833
14834
14835
14836
14839
14841
14842
14844
14845
14846
14848
14850
14853
14854
14859
14862
14864
14866
14869
14870
14872
14874
14875
14876
14877
14878
14879
14880
14881
14883
14884
14885
14887
14888
14889
14890
14891
14892
14893
14896
14897
14899
14901
14902
14903
14904
14905
14906
14908
14909
14910
14911
14912
14915
14917
14918
14919
14921
14922
14923
14929
14930
14931
14932
14935
14937
14939
14944
14945
14946
14947
14949
14950
14951
14953
14954
14955
14956
14958
14959
14960
14965
14968
14971
14972
14976
14978
14980
14981
14982
14984
14985
14992
14993
14994
14995
14996
14998
15000
15001
15003
15004
15006
15007
15008
15009
15010
15012
15013
15015
15016
15017
15018
15019
15020
15022
15023
15025
15026
15027
15030
15031
15032
15034
15036
15038
15039
15040
15044
15045
15046
15047
15048
15049
15050
15052
15054
15055
15056
15058
15061
15062
15064
15065
15066
15067
15069
15071
15073
15077
15079
15080
15081
15083
15085
15088
15089
15090
15091
15092
15093
15096
15097
15098
15099
15101
15102
15104
15105
15107
15108
15109
15111
15113
15115
15116
15121
15123
15124
15125
15126
15129
15130
15132
15134
15136
15139
15142
15144
15145
15146
15147
15150
15151
15153
15154
15155
15159
15161
15164
15165
15167
15169
15172
15173
15176
15177
15179
15180
15183
15184
15185
15186
15190
15193
15195
15197
15199
15201
15202
15205
15206
15209
15218
15219
15220
15222
15223
15224
15226
15228
15232
15233
15234
15236
15239
15240
15242
15244
15245
15249
15250
15253
15255
15258
15259
15263
15264
15265
15266
15267
15268
15269
15271
15278
15279
15282
15285
15286
15289
15293
15295
15296
15297
15299
15302
15304
15305
15306
15307
15309
15311
15312
15313
15315
15316
15322
15323
15326
15327
15328
15330
15331
15333
15336
15337
15343
15344
15346
15347
15348
15349
15350
15351
15355
15357
15359
15362
15364
15368
15369
15370
15373
15375
15377
15379
15381
15382
15383
15384
15388
15390
15391
15394
15396
15397
15399
15400
15402
15403
15404
15405
15406
15407
15409
15411
15412
15413
15414
15415
15416
15417
15418
15419
15420
15421
15422
15423
15424
15425
15427
15428
15430
15431
15435
15436
15439
15445
15446
15447
15448
15449
15450
15455
15458
15461
15462
15463
15464
15465
15466
15468
15469
15471
15472
15475
15478
15479
15480
15483
15484
15486
15487
15489
15492
15495
15496
15499
15503
15504
15505
15509
15510
15511
15512
15515
15516
15517
15519
15522
15523
15527
15528
15530
15534
15537
15539
15540
15542
15543
15544
15545
15547
15548
15549
15552
15553
15554
15555
15557
15558
15559
15560
15561
15563
15564
15565
15566
15568
15571
15572
15575
15579
15580
15581
15582
15583
15585
15586
15588
15591
15594
15595
15596
15599
15601
15603
15604
15609
15610
15611
15615
15616
15617
15619
15621
15625
15626
15627
15628
15629
15631
15633
15637
15638
15639
15640
15643
15645
15646
15648
15649
15651
15653
15654
15658
15660
15662
15663
15666
15668
15669
15670
15673
15677
15678
15679
15682
15684
15685
15686
15687
15688
15690
15691
15692
15693
15694
15695
15696
15698
15702
15703
15708
15712
15713
15714
15716
15718
15719
15721
15723
15724
15729
15730
15731
15732
15735
15736
15737
15740
15741
15742
15743
15746
15747
15748
15749
15750
15751
15754
15755
15756
15758
15759
15761
15762
15763
15765
15766
15769
15770
15772
15774
15776
15777
15781
15784
15785
15786
15787
15790
15793
15795
15798
15799
15800
15801
15802
15803
15805
15808
15810
15811
15812
15813
15814
15815
15816
15817
15818
15821
15822
15825
15826
15834
15835
15837
15841
15843
15844
15846
15847
15849
15852
15855
15856
15857
15858
15862
15863
15866
15868
15873
15874
15875
15876
15878
15880
15881
15882
15886
15888
15894
15897
15900
15901
15902
15904
15905
15910
15912
15915
15916
15920
15922
15926
15930
15931
15932
15933
15934
15936
15937
15938
15942
15943
15944
15945
15949
15950
15951
15955
15956
15962
15966
15967
15968
15970
15974
15976
15977
15978
15979
15980
15982
15984
15986
15989
15990
15991
15995
15996
15999
16000
16001
16003
16005
16009
16011
16012
16014
16015
16019
16020
16022
16023
16032
16033
16035
16037
16043
16045
16046
16047
16048
16050
16054
16056
16059
16060
16061
16062
16065
16067
16068
16069
16070
16073
16074
16075
16078
16079
16080
16081
16082
16083
16085
16086
16087
16090
16091
16092
16093
16094
16095
16096
16097
16098
16100
16102
16103
16104
16105
16106
16107
16108
16109
16111
16112
16113
16114
16116
16119
16120
16121
16124
16127
16128
16129
16130
16131
16134
16138
16139
16140
16141
16144
16145
16146
16150
16151
16153
16155
16156
16158
16159
16160
16161
16162
16164
16167
16171
16172
16173
16176
16177
16179
16181
16183
16184
16185
16186
16187
16189
16190
16192
16193
16195
16196
16197
16198
16202
16205
16208
16211
16213
16218
16219
16220
16221
16222
16223
16225
16227
16230
16231
16232
16233
16234
16235
16236
16238
16239
16240
16242
16244
16245
16247
16249
16251
16252
16255
16257
16258
16259
16260
16263
16269
16271
16272
16273
16274
16278
16279
16280
16281
16282
16286
16289
16292
16294
16295
16296
16297
16300
16301
16302
16303
16304
16306
16307
16308
16310
16311
16314
16315
16316
16317
16318
16324
16327
16328
16329
16330
16332
16333
16335
16336
16337
16340
16342
16343
16344
16346
16349
16353
16355
16356
16357
16359
16361
16362
16363
16364
16366
16367
16368
16369
16370
16371
16373
16374
16375
16377
16378
16380
16383
16384
16385
16387
16388
16389
16391
16392
16393
16394
16395
16396
16397
16398
16399
16400
16402
16403
16405
16406
16407
16409
16412
16415
16416
16417
16420
16421
16422
16423
16426
16427
16428
16429
16431
16432
16438
16440
16442
16443
16444
16445
16447
16450
16452
16453
16454
16455
16456
16457
16459
16461
16462
16465
16466
16467
16468
16469
16470
16471
16474
16475
16478
16479
16480
16481
16482
16483
16484
16485
16488
16489
16490
16494
16498
16499
16500
16502
16503
16504
16506
16507
16510
16511
16513
16516
16519
16520
16522
16523
16524
16525
16527
16528
16529
16532
16533
16537
16538
16540
16544
16545
16548
16549
16553
16555
16557
16562
16563
16566
16567
16568
16569
16570
16573
16574
16575
16576
16577
16578
16581
16582
16583
16587
16588
16589
16590
16594
16596
16598
16599
16600
16602
16604
16606
16609
16610
16611
16612
16613
16617
16618
16619
16621
16622
16623
16625
16626
16627
16628
16629
16630
16631
16635
16636
16637
16642
16646
16648
16650
16651
16652
16654
16660
16661
16663
16665
16667
16669
16672
16673
16674
16678
16680
16681
16682
16683
16686
16688
16690
16691
16693
16694
16695
16696
16698
16699
16700
16702
16703
16704
16705
16708
16710
16714
16715
16716
16718
16723
16726
16728
16729
16731
16732
16737
16744
16745
16747
16748
16751
16753
16755
16756
16760
16761
16762
16763
16764
16766
16770
16772
16773
16775
16779
16780
16783
16785
16786
16788
16789
16790
16791
16792
16793
16794
16795
16797
16798
16800
16802
16803
16804
16806
16808
16809
16818
16819
16820
16821
16822
16823
16825
16826
16827
16831
16832
16833
16834
16835
16836
16838
16839
16842
16843
16845
16850
16851
16853
16854
16856
16858
16859
16862
16863
16864
16865
16868
16869
16870
16872
16876
16877
16879
16883
16885
16886
16890
16891
16892
16893
16894
16898
16899
16900
16905
16906
16907
16909
16911
16912
16913
16915
16917
16918
16921
16922
16923
16924
16925
16927
16928
16930
16931
16933
16935
16937
16938
16940
16941
16944
16946
16947
16948
16949
16950
16952
16957
16958
16959
16960
16961
16962
16964
16965
16967
16968
16969
16970
16971
16973
16974
16975
16976
16977
16980
16981
16984
16988
16994
16996
16998
17001
17002
17003
17004
17007
17008
17010
17011
17012
17013
17015
17017
17018
17019
17020
17021
17024
17025
17028
17029
17032
17033
17034
17036
17037
17038
17039
17042
17046
17049
17051
17053
17054
17055
17057
17058
17059
17060
17062
17063
17070
17072
17074
17075
17076
17079
17081
17083
17084
17085
17087
17088
17090
17095
17097
17098
17101
17102
17103
17104
17105
17106
17107
17108
17109
17110
17111
17112
17114
17115
17116
17117
17118
17120
17121
17122
17123
17124
17125
17127
17129
17136
17137
17138
17139
17141
17143
17145
17146
17148
17150
17152
17154
17155
17156
17157
17161
17162
17163
17165
17166
17167
17168
17172
17173
17174
17175
17176
17178
17179
17180
17181
17187
17188
17190
17192
17193
17198
17202
17203
17204
17206
17208
17209
17210
17212
17215
17216
17217
17218
17219
17221
17222
17223
17225
17227
17228
17229
17230
17232
17233
17234
17237
17238
17241
17244
17249
17250
17252
17253
17254
17256
17257
17259
17260
17261
17264
17266
17267
17269
17270
17271
17274
17275
17276
17278
17281
17283
17284
17285
17286
17290
17293
17296
17297
17299
17300
17304
17305
17310
17311
17318
17319
17320
17324
17325
17326
17329
17331
17332
17333
17335
17336
17338
17340
17341
17345
17346
17347
17348
17350
17353
17354
17357
17358
17359
17361
17364
17365
17366
17368
17370
17371
17374
17376
17377
17379
17381
17382
17383
17385
17386
17387
17391
17393
17394
17395
17398
17401
17403
17406
17409
17410
17411
17412
17416
17417
17418
17420
17422
17423
17426
17427
17428
17429
17431
17433
17435
17437
17439
17441
17442
17443
17444
17446
17447
17448
17450
17452
17453
17456
17457
17460
17461
17463
17466
17467
17468
17469
17470
17471
17474
17476
17481
17482
17485
17487
17488
17489
17490
17491
17492
17494
17495
17496
17497
17499
17502
17505
17508
17509
17513
17515
17517
17518
17520
17521
17524
17525
17526
17528
17529
17530
17531
17533
17534
17535
17537
17538
17539
17540
17541
17545
17546
17547
17548
17553
17557
17559
17560
17561
17562
17564
17565
17566
17568
17569
17570
17571
17572
17575
17578
17580
17582
17583
17584
17587
17590
17591
17592
17594
17597
17598
17600
17602
17603
17607
17608
17609
17610
17611
17612
17614
17617
17620
17621
17622
17628
17629
17630
17631
17632
17633
17634
17635
17636
17640
17641
17642
17643
17644
17645
17651
17654
17655
17656
17657
17659
17660
17661
17662
17663
17666
17667
17668
17672
17674
17677
17678
17681
17686
17687
17688
17689
17690
17691
17692
17699
17702
17704
17705
17706
17711
17712
17716
17717
17718
17719
17720
17721
17722
17723
17724
17725
17728
17729
17730
17731
17733
17734
17738
17741
17742
17744
17746
17749
17750
17751
17752
17755
17756
17759
17765
17766
17768
17769
17770
17771
17772
17774
17781
17782
17786
17788
17789
17790
17791
17792
17793
17795
17796
17798
17800
17801
17803
17805
17806
17807
17811
17812
17815
17816
17818
17819
17820
17821
17822
17823
17826
17827
17828
17831
17832
17833
17837
17838
17840
17842
17846
17848
17849
17850
17851
17852
17853
17855
17858
17859
17861
17863
17864
17865
17868
17872
17873
17874
17876
17879
17881
17882
17883
17884
17885
17887
17889
17890
17891
17893
17896
17899
17900
17901
17905
17908
17911
17912
17913
17914
17915
17917
17919
17920
17924
17925
17926
17928
17929
17931
17932
17933
17935
17936
17938
17939
17940
17941
17942
17944
17945
17947
17949
17952
17956
17957
17960
17961
17963
17964
17965
17968
17969
17970
17975
17976
17978
17979
17980
17982
17983
17986
17988
17990
17993
17994
17995
17996
17997
17999
18003
18005
18007
18008
18013
18014
18015
18016
18018
18019
18021
18022
18023
18027
18030
18034
18035
18036
18037
18038
18042
18046
18048
18049
18053
18054
18056
18057
18059
18060
18063
18064
18065
18067
18068
18069
18070
18071
18073
18075
18076
18078
18079
18080
18082
18083
18084
18085
18086
18089
18091
18092
18093
18094
18095
18097
18100
18101
18102
18103
18105
18111
18113
18114
18116
18119
18121
18122
18123
18124
18125
18126
18127
18128
18130
18131
18133
18135
18136
18137
18138
18140
18143
18144
18146
18147
18149
18151
18152
18153
18154
18156
18157
18158
18163
18164
18169
18170
18173
18176
18177
18178
18179
18180
18185
18188
18190
18194
18198
18200
18202
18203
18205
18208
18210
18212
18216
18217
18218
18220
18221
18224
18225
18226
18229
18230
18233
18234
18236
18238
18240
18241
18243
18244
18245
18246
18247
18250
18252
18253
18256
18257
18258
18260
18261
18263
18265
18268
18271
18272
18273
18274
18276
18278
18279
18286
18289
18290
18293
18295
18296
18299
18303
18304
18307
18308
18310
18312
18314
18315
18320
18323
18325
18327
18328
18329
18330
18331
18333
18334
18335
18337
18338
18340
18341
18342
18344
18345
18347
18350
18351
18352
18353
18354
18356
18357
18358
18359
18361
18362
18364
18365
18366
18368
18369
18370
18372
18373
18375
18376
18377
18378
18382
18383
18384
18385
18387
18388
18392
18393
18395
18396
18397
18398
18399
18401
18403
18404
18405
18407
18408
18411
18412
18415
18419
18420
18422
18423
18424
18425
18430
18431
18432
18433
18434
18436
18437
18439
18440
18442
18443
18446
18448
18450
18452
18453
18456
18458
18459
18460
18462
18463
18466
18469
18470
18471
18473
18477
18479
18480
18482
18483
18485
18486
18487
18489
18491
18492
18493
18495
18496
18498
18499
18500
18501
18502
18505
18507
18508
18509
18510
18511
18513
18518
18519
18520
18523
18529
18530
18532
18533
18534
18537
18538
18540
18541
18542
18545
18546
18550
18551
18552
18553
18554
18558
18560
18561
18563
18564
18566
18568
18570
18571
18574
18575
18576
18582
18584
18588
18589
18590
18591
18592
18593
18594
18596
18598
18602
18603
18605
18607
18609
18611
18612
18613
18614
18616
18618
18621
18623
18624
18626
18628
18631
18632
18633
18639
18640
18641
18642
18643
18645
18647
18648
18651
18652
18654
18656
18657
18660
18661
18664
18665
18667
18668
18669
18671
18674
18675
18676
18678
18679
18680
18681
18682
18685
18687
18688
18692
18693
18694
18695
18696
18697
18700
18702
18707
18708
18710
18711
18712
18713
18714
18715
18717
18719
18720
18721
18722
18723
18725
18727
18729
18731
18732
18733
18735
18736
18737
18739
18741
18743
18744
18745
18746
18748
18749
18750
18751
18754
18755
18757
18760
18761
18762
18763
18765
18768
18770
18771
18772
18773
18774
18775
18776
18778
18779
18781
18784
18789
18792
18793
18794
18799
18800
18802
18803
18808
18810
18813
18816
18817
18818
18822
18823
18824
18825
18826
18829
18831
18832
18833
18835
18838
18840
18841
18843
18844
18845
18847
18849
18852
18854
18855
18856
18858
18861
18862
18864
18865
18866
18867
18868
18870
18871
18872
18873
18874
18876
18878
18879
18883
18884
18885
18888
18895
18897
18898
18899
18900
18901
18903
18904
18905
18908
18910
18911
18912
18913
18914
18915
18918
18920
18921
18922
18923
18925
18926
18927
18928
18929
18930
18932
18934
18935
18936
18941
18944
18947
18948
18950
18952
18953
18954
18956
18958
18961
18963
18965
18966
18967
18972
18974
18975
18977
18978
18980
18986
18987
18988
18989
18990
18995
18996
18999
19001
19002
19003
19004
19005
19006
19007
19009
19010
19011
19013
19015
19017
19020
19026
19029
19033
19035
19036
19037
19038
19040
19041
19042
19043
19045
19046
19047
19048
19049
19055
19056
19057
19059
19061
19065
19066
19067
19069
19071
19072
19073
19074
19075
19077
19079
19080
19081
19084
19085
19088
19089
19090
19092
19094
19095
19097
19098
19099
19100
19101
19102
19106
19108
19110
19111
19113
19114
19118
19119
19121
19122
19123
19124
19125
19129
19130
19132
19133
19135
19137
19138
19139
19140
19141
19143
19144
19147
19155
19156
19157
19158
19161
19162
19163
19164
19165
19168
19169
19170
19171
19173
19174
19176
19177
19178
19179
19180
19183
19187
19189
19190
19191
19193
19194
19197
19199
19201
19205
19206
19208
19210
19212
19213
19218
19224
19227
19229
19230
19232
19234
19237
19239
19241
19243
19244
19248
19249
19250
19254
19256
19259
19260
19261
19262
19263
19264
19265
19266
19268
19269
19272
19273
19274
19276
19280
19281
19283
19284
19285
19286
19291
19292
19294
19295
19297
19298
19301
19304
19308
19309
19310
19311
19313
19314
19315
19317
19321
19329
19331
19333
19335
19337
19339
19340
19341
19342
19344
19345
19347
19350
19352
19355
19356
19364
19365
19366
19369
19370
19371
19372
19373
19375
19376
19382
19383
19385
19386
19388
19390
19391
19392
19393
19394
19396
19397
19398
19402
19404
19406
19407
19411
19413
19414
19417
19418
19419
19422
19423
19424
19425
19426
19428
19431
19432
19433
19435
19438
19440
19441
19443
19444
19448
19450
19451
19452
19453
19456
19457
19458
19459
19460
19463
19467
19468
19469
19470
19471
19472
19477
19479
19480
19481
19483
19484
19490
19494
19501
19503
19504
19505
19506
19508
19510
19512
19514
19516
19517
19520
19524
19527
19529
19532
19533
19534
19536
19537
19539
19542
19543
19544
19548
19550
19552
19554
19555
19556
19557
19560
19564
19565
19568
19569
19570
19573
19574
19575
19576
19578
19579
19582
19584
19586
19591
19593
19594
19595
19598
19599
19600
19603
19604
19606
19609
19610
19613
19616
19617
19618
19620
19621
19622
19625
19628
19629
19630
19631
19633
19637
19638
19639
19641
19643
19645
19646
19647
19648
19649
19650
19652
19654
19657
19659
19660
19662
19663
19665
19666
19668
19669
19670
19673
19676
19679
19680
19681
19682
19684
19687
19688
19691
19694
19695
19696
19697
19698
19700
19701
19706
19707
19709
19711
19713
19714
19716
19717
19719
19721
19722
19724
19726
19727
19730
19733
19734
19739
19741
19742
19749
19750
19752
19753
19754
19755
19756
19757
19758
19760
19765
19766
19767
19769
19770
19771
19772
19774
19776
19778
19779
19780
19782
19785
19787
19789
19790
19794
19795
19797
19799
19800
19802
19803
19808
19810
19811
19812
19815
19817
19820
19821
19823
19824
19828
19829
19830
19833
19835
19837
19838
19839
19840
19842
19843
19846
19847
19850
19852
19855
19856
19857
19858
19859
19863
19864
19865
19866
19869
19871
19872
19873
19878
19879
19880
19883
19885
19886
19888
19889
19891
19893
19894
19895
19898
19899
19900
19904
19905
19907
19909
19910
19911
19912
19915
19916
19917
19919
19920
19921
19922
19923
19924
19926
19928
19930
19932
19934
19935
19936
19938
19939
19942
19943
19944
19945
19950
19953
19954
19956
19958
19959
19961
19962
19963
19966
19968
19971
19972
19974
19975
19977
19978
19979
19981
19982
19984
19986
19987
19989
19991
19993
19996
19998
20000
20001
20003
20005
20006
20007
20008
20010
20012
20013
20015
20016
20017
20018
20019
20021
20023
20024
20027
20031
20034
20035
20036
20040
20041
20042
20047
20048
20051
20052
20053
20054
20057
20059
20060
20061
20064
20066
20069
20076
20079
20080
20082
20085
20086
20087
20090
20092
20093
20096
20098
20099
20103
20106
20107
20108
20111
20113
20114
20115
20116
20117
20118
20119
20121
20125
20126
20128
20130
20131
20133
20134
20136
20138
20139
20140
20142
20144
20145
20146
20147
20148
20150
20151
20156
20157
20158
20160
20161
20165
20167
20169
20174
20178
20179
20180
20181
20182
20184
20186
20187
20188
20193
20194
20195
20196
20198
20199
20200
20201
20204
20205
20206
20208
20212
20214
20215
20216
20218
20220
20221
20222
20224
20225
20226
20227
20228
20229
20231
20232
20237
20239
20242
20245
20246
20247
20249
20253
20256
20258
20259
20262
20263
20265
20266
20267
20268
20269
20271
20272
20273
20274
20276
20277
20278
20280
20281
20282
20283
20285
20289
20290
20292
20297
20300
20302
20303
20307
20308
20309
20312
20314
20316
20317
20318
20319
20320
20322
20324
20325
20328
20329
20331
20333
20334
20336
20337
20338
20339
20342
20343
20345
20346
20347
20349
20352
20353
20355
20356
20358
20359
20360
20361
20364
20365
20369
20371
20374
20377
20378
20379
20381
20382
20383
20387
20389
20390
20392
20393
20394
20395
20397
20398
20399
20400
20401
20402
20405
20409
20410
20412
20413
20416
20417
20418
20420
20423
20425
20427
20428
20430
20432
20435
20436
20437
20438
20439
20443
20444
20445
20446
20448
20449
20453
20455
20456
20457
20459
20461
20462
20463
20464
20466
20472
20474
20475
20477
20479
20480
20481
20482
20483
20484
20485
20489
20494
20496
20498
20500
20502
20505
20506
20507
20510
20512
20515
20517
20519
20520
20521
20524
20525
20528
20529
20530
20531
20533
20534
20537
20540
20541
20544
20545
20548
20551
20552
20553
20554
20555
20559
20560
20562
20563
20564
20565
20566
20567
20568
20569
20571
20573
20575
20578
20579
20581
20584
20585
20586
20588
20589
20591
20592
20593
20596
20597
20598
20600
20603
20604
20606
20607
20608
20610
20612
20615
20617
20618
20619
20621
20622
20625
20626
20627
20630
20633
20634
20635
20639
20641
20642
20644
20645
20646
20648
20649
20652
20653
20654
20655
20656
20658
20660
20663
20664
20665
20668
20671
20673
20674
20676
20679
20680
20681
20685
20686
20687
20688
20692
20693
20694
20695
20696
20697
20698
20699
20701
20703
20705
20706
20707
20708
20709
20711
20712
20714
20716
20718
20720
20724
20729
20730
20731
20732
20733
20734
20741
20742
20743
20746
